{"/home/travis/build/npmtest/node-npmtest-jsx-control-statements/test.js":{"path":"/home/travis/build/npmtest/node-npmtest-jsx-control-statements/test.js","s":{"1":2,"2":2,"3":2,"4":2,"5":2,"6":2,"7":2,"8":1,"9":2,"10":2,"11":1,"12":1,"13":1,"14":1,"15":2,"16":2,"17":2,"18":2,"19":1,"20":1,"21":2,"22":2,"23":2,"24":1,"25":1,"26":1,"27":1,"28":1,"29":1,"30":1,"31":1,"32":1,"33":1,"34":1,"35":1,"36":1,"37":1,"38":1,"39":2,"40":2,"41":1,"42":2,"43":2,"44":1,"45":2,"46":2,"47":1,"48":2,"49":2,"50":1,"51":1,"52":1,"53":1,"54":1},"b":{"1":[2,1,1,1],"2":[1,1,1,1],"3":[1,1],"4":[1,1],"5":[1,1],"6":[1,1],"7":[1,1],"8":[1,1],"9":[1,1],"10":[1,1,1],"11":[1,1],"12":[1,1],"13":[1,1],"14":[1,1],"15":[1,1],"16":[1,1],"17":[1,1]},"f":{"1":2,"2":2,"3":2,"4":2,"5":2,"6":1,"7":1,"8":1,"9":2,"10":2,"11":2,"12":2,"13":1},"fnMap":{"1":{"name":"(anonymous_1)","line":12,"loc":{"start":{"line":12,"column":1},"end":{"line":12,"column":13}}},"2":{"name":"(anonymous_2)","line":19,"loc":{"start":{"line":19,"column":5},"end":{"line":19,"column":17}}},"3":{"name":"(anonymous_3)","line":23,"loc":{"start":{"line":23,"column":24},"end":{"line":23,"column":36}}},"4":{"name":"(anonymous_4)","line":61,"loc":{"start":{"line":61,"column":5},"end":{"line":61,"column":17}}},"5":{"name":"(anonymous_5)","line":82,"loc":{"start":{"line":82,"column":5},"end":{"line":82,"column":17}}},"6":{"name":"(anonymous_6)","line":91,"loc":{"start":{"line":91,"column":77},"end":{"line":94,"column":10}}},"7":{"name":"(anonymous_7)","line":112,"loc":{"start":{"line":112,"column":83},"end":{"line":115,"column":10}},"skip":true},"8":{"name":"(anonymous_8)","line":123,"loc":{"start":{"line":123,"column":77},"end":{"line":126,"column":10}},"skip":true},"9":{"name":"(anonymous_9)","line":139,"loc":{"start":{"line":139,"column":12},"end":{"line":139,"column":40}},"skip":true},"10":{"name":"(anonymous_10)","line":147,"loc":{"start":{"line":147,"column":77},"end":{"line":150,"column":10}},"skip":true},"11":{"name":"(anonymous_11)","line":158,"loc":{"start":{"line":158,"column":83},"end":{"line":161,"column":10}},"skip":true},"12":{"name":"(anonymous_12)","line":169,"loc":{"start":{"line":169,"column":79},"end":{"line":172,"column":10}},"skip":true},"13":{"name":"(anonymous_13)","line":180,"loc":{"start":{"line":180,"column":75},"end":{"line":183,"column":10}},"skip":true}},"statementMap":{"1":{"start":{"line":12,"column":0},"end":{"line":195,"column":5}},"2":{"start":{"line":14,"column":4},"end":{"line":14,"column":14}},"3":{"start":{"line":19,"column":4},"end":{"line":56,"column":9}},"4":{"start":{"line":21,"column":8},"end":{"line":21,"column":19}},"5":{"start":{"line":23,"column":8},"end":{"line":35,"column":13}},"6":{"start":{"line":24,"column":12},"end":{"line":34,"column":13}},"7":{"start":{"line":25,"column":16},"end":{"line":28,"column":30}},"8":{"start":{"line":30,"column":16},"end":{"line":33,"column":27}},"9":{"start":{"line":37,"column":8},"end":{"line":39,"column":21}},"10":{"start":{"line":40,"column":8},"end":{"line":53,"column":9}},"11":{"start":{"line":43,"column":12},"end":{"line":46,"column":14}},"12":{"start":{"line":47,"column":12},"end":{"line":47,"column":18}},"13":{"start":{"line":50,"column":12},"end":{"line":51,"column":46}},"14":{"start":{"line":52,"column":12},"end":{"line":52,"column":18}},"15":{"start":{"line":55,"column":8},"end":{"line":55,"column":35}},"16":{"start":{"line":61,"column":4},"end":{"line":63,"column":9}},"17":{"start":{"line":62,"column":8},"end":{"line":62,"column":15}},"18":{"start":{"line":64,"column":4},"end":{"line":77,"column":5}},"19":{"start":{"line":70,"column":8},"end":{"line":70,"column":14}},"20":{"start":{"line":76,"column":8},"end":{"line":76,"column":14}},"21":{"start":{"line":82,"column":4},"end":{"line":84,"column":9}},"22":{"start":{"line":83,"column":8},"end":{"line":83,"column":15}},"23":{"start":{"line":85,"column":4},"end":{"line":194,"column":5}},"24":{"start":{"line":91,"column":8},"end":{"line":99,"column":10}},"25":{"start":{"line":98,"column":12},"end":{"line":98,"column":35}},"26":{"start":{"line":102,"column":8},"end":{"line":104,"column":63}},"27":{"start":{"line":105,"column":8},"end":{"line":105,"column":14}},"28":{"start":{"line":112,"column":8},"end":{"line":121,"column":10},"skip":true},"29":{"start":{"line":119,"column":12},"end":{"line":119,"column":55},"skip":true},"30":{"start":{"line":120,"column":12},"end":{"line":120,"column":48},"skip":true},"31":{"start":{"line":123,"column":8},"end":{"line":136,"column":10},"skip":true},"32":{"start":{"line":130,"column":12},"end":{"line":130,"column":76},"skip":true},"33":{"start":{"line":131,"column":12},"end":{"line":131,"column":73},"skip":true},"34":{"start":{"line":132,"column":12},"end":{"line":132,"column":74},"skip":true},"35":{"start":{"line":133,"column":12},"end":{"line":133,"column":79},"skip":true},"36":{"start":{"line":134,"column":12},"end":{"line":134,"column":25},"skip":true},"37":{"start":{"line":135,"column":12},"end":{"line":135,"column":45},"skip":true},"38":{"start":{"line":138,"column":8},"end":{"line":145,"column":14},"skip":true},"39":{"start":{"line":143,"column":16},"end":{"line":143,"column":29},"skip":true},"40":{"start":{"line":144,"column":16},"end":{"line":144,"column":55},"skip":true},"41":{"start":{"line":147,"column":8},"end":{"line":156,"column":10},"skip":true},"42":{"start":{"line":154,"column":12},"end":{"line":154,"column":25},"skip":true},"43":{"start":{"line":155,"column":12},"end":{"line":155,"column":45},"skip":true},"44":{"start":{"line":158,"column":8},"end":{"line":167,"column":10},"skip":true},"45":{"start":{"line":165,"column":12},"end":{"line":165,"column":25},"skip":true},"46":{"start":{"line":166,"column":12},"end":{"line":166,"column":48},"skip":true},"47":{"start":{"line":169,"column":8},"end":{"line":178,"column":10},"skip":true},"48":{"start":{"line":176,"column":12},"end":{"line":176,"column":25},"skip":true},"49":{"start":{"line":177,"column":12},"end":{"line":177,"column":46},"skip":true},"50":{"start":{"line":180,"column":8},"end":{"line":189,"column":10},"skip":true},"51":{"start":{"line":187,"column":12},"end":{"line":187,"column":94},"skip":true},"52":{"start":{"line":188,"column":12},"end":{"line":188,"column":48},"skip":true},"53":{"start":{"line":192,"column":8},"end":{"line":192,"column":35},"skip":true},"54":{"start":{"line":193,"column":8},"end":{"line":193,"column":14},"skip":true}},"branchMap":{"1":{"line":25,"type":"binary-expr","locations":[{"start":{"line":25,"column":23},"end":{"line":25,"column":62}},{"start":{"line":26,"column":20},"end":{"line":26,"column":70}},{"start":{"line":27,"column":20},"end":{"line":27,"column":71}},{"start":{"line":28,"column":20},"end":{"line":28,"column":29}}]},"2":{"line":30,"type":"binary-expr","locations":[{"start":{"line":30,"column":23},"end":{"line":30,"column":37}},{"start":{"line":31,"column":20},"end":{"line":31,"column":61}},{"start":{"line":32,"column":20},"end":{"line":32,"column":70}},{"start":{"line":33,"column":20},"end":{"line":33,"column":26}}]},"3":{"line":37,"type":"cond-expr","locations":[{"start":{"line":38,"column":14},"end":{"line":38,"column":20}},{"start":{"line":39,"column":14},"end":{"line":39,"column":20}}]},"4":{"line":40,"type":"switch","locations":[{"start":{"line":42,"column":8},"end":{"line":47,"column":18}},{"start":{"line":49,"column":8},"end":{"line":52,"column":18}}]},"5":{"line":44,"type":"binary-expr","locations":[{"start":{"line":44,"column":16},"end":{"line":44,"column":44}},{"start":{"line":44,"column":48},"end":{"line":44,"column":66}}]},"6":{"line":50,"type":"binary-expr","locations":[{"start":{"line":50,"column":21},"end":{"line":50,"column":49}},{"start":{"line":50,"column":53},"end":{"line":50,"column":72}}]},"7":{"line":64,"type":"switch","locations":[{"start":{"line":69,"column":4},"end":{"line":70,"column":14}},{"start":{"line":75,"column":4},"end":{"line":76,"column":14}}]},"8":{"line":85,"type":"switch","locations":[{"start":{"line":90,"column":4},"end":{"line":105,"column":14}},{"start":{"line":111,"column":4},"end":{"line":193,"column":14},"skip":true}]},"9":{"line":91,"type":"binary-expr","locations":[{"start":{"line":91,"column":42},"end":{"line":91,"column":73}},{"start":{"line":91,"column":77},"end":{"line":99,"column":9}}]},"10":{"line":102,"type":"binary-expr","locations":[{"start":{"line":102,"column":18},"end":{"line":102,"column":32}},{"start":{"line":103,"column":12},"end":{"line":103,"column":53}},{"start":{"line":104,"column":12},"end":{"line":104,"column":61}}]},"11":{"line":112,"type":"binary-expr","locations":[{"start":{"line":112,"column":45},"end":{"line":112,"column":79},"skip":true},{"start":{"line":112,"column":83},"end":{"line":121,"column":9},"skip":true}]},"12":{"line":123,"type":"binary-expr","locations":[{"start":{"line":123,"column":42},"end":{"line":123,"column":73},"skip":true},{"start":{"line":123,"column":77},"end":{"line":136,"column":9},"skip":true}]},"13":{"line":138,"type":"binary-expr","locations":[{"start":{"line":138,"column":48},"end":{"line":138,"column":85},"skip":true},{"start":{"line":139,"column":12},"end":{"line":145,"column":13},"skip":true}]},"14":{"line":147,"type":"binary-expr","locations":[{"start":{"line":147,"column":42},"end":{"line":147,"column":73},"skip":true},{"start":{"line":147,"column":77},"end":{"line":156,"column":9},"skip":true}]},"15":{"line":158,"type":"binary-expr","locations":[{"start":{"line":158,"column":45},"end":{"line":158,"column":79},"skip":true},{"start":{"line":158,"column":83},"end":{"line":167,"column":9},"skip":true}]},"16":{"line":169,"type":"binary-expr","locations":[{"start":{"line":169,"column":43},"end":{"line":169,"column":75},"skip":true},{"start":{"line":169,"column":79},"end":{"line":178,"column":9},"skip":true}]},"17":{"line":180,"type":"binary-expr","locations":[{"start":{"line":180,"column":41},"end":{"line":180,"column":71},"skip":true},{"start":{"line":180,"column":75},"end":{"line":189,"column":9},"skip":true}]}},"code":["/* istanbul instrument in package npmtest_jsx_control_statements */","/*jslint","    bitwise: true,","    browser: true,","    maxerr: 8,","    maxlen: 96,","    node: true,","    nomen: true,","    regexp: true,","    stupid: true","*/","(function () {","    'use strict';","    var local;","","","","    // run shared js-env code - pre-init","    (function () {","        // init local","        local = {};","        // init modeJs","        local.modeJs = (function () {","            try {","                return typeof navigator.userAgent === 'string' &&","                    typeof document.querySelector('body') === 'object' &&","                    typeof XMLHttpRequest.prototype.open === 'function' &&","                    'browser';","            } catch (errorCaughtBrowser) {","                return module.exports &&","                    typeof process.versions.node === 'string' &&","                    typeof require('http').createServer === 'function' &&","                    'node';","            }","        }());","        // init global","        local.global = local.modeJs === 'browser'","            ? window","            : global;","        switch (local.modeJs) {","        // re-init local from window.local","        case 'browser':","            local = local.global.utility2.objectSetDefault(","                local.global.utility2_rollup || local.global.local,","                local.global.utility2","            );","            break;","        // re-init local from example.js","        case 'node':","            local = (local.global.utility2_rollup || require('utility2'))","                .requireExampleJsFromReadme();","            break;","        }","        // export local","        local.global.local = local;","    }());","","","","    // run shared js-env code - function","    (function () {","        return;","    }());","    switch (local.modeJs) {","","","","    // run browser js-env code - function","    case 'browser':","        break;","","","","    // run node js-env code - function","    case 'node':","        break;","    }","","","","    // run shared js-env code - post-init","    (function () {","        return;","    }());","    switch (local.modeJs) {","","","","    // run browser js-env code - post-init","    case 'browser':","        local.testCase_browser_nullCase = local.testCase_browser_nullCase || function (","            options,","            onError","        ) {","        /*","         * this function will test browsers's null-case handling-behavior-behavior","         */","            onError(null, options);","        };","","        // run tests","        local.nop(local.modeTest &&","            document.querySelector('#testRunButton1') &&","            document.querySelector('#testRunButton1').click());","        break;","","","","    // run node js-env code - post-init","    /* istanbul ignore next */","    case 'node':","        local.testCase_buildApidoc_default = local.testCase_buildApidoc_default || function (","            options,","            onError","        ) {","        /*","         * this function will test buildApidoc's default handling-behavior-behavior","         */","            options = { modulePathList: module.paths };","            local.buildApidoc(options, onError);","        };","","        local.testCase_buildApp_default = local.testCase_buildApp_default || function (","            options,","            onError","        ) {","        /*","         * this function will test buildApp's default handling-behavior-behavior","         */","            local.testCase_buildReadme_default(options, local.onErrorThrow);","            local.testCase_buildLib_default(options, local.onErrorThrow);","            local.testCase_buildTest_default(options, local.onErrorThrow);","            local.testCase_buildCustomOrg_default(options, local.onErrorThrow);","            options = [];","            local.buildApp(options, onError);","        };","","        local.testCase_buildCustomOrg_default = local.testCase_buildCustomOrg_default ||","            function (options, onError) {","            /*","             * this function will test buildCustomOrg's default handling-behavior","             */","                options = {};","                local.buildCustomOrg(options, onError);","            };","","        local.testCase_buildLib_default = local.testCase_buildLib_default || function (","            options,","            onError","        ) {","        /*","         * this function will test buildLib's default handling-behavior","         */","            options = {};","            local.buildLib(options, onError);","        };","","        local.testCase_buildReadme_default = local.testCase_buildReadme_default || function (","            options,","            onError","        ) {","        /*","         * this function will test buildReadme's default handling-behavior-behavior","         */","            options = {};","            local.buildReadme(options, onError);","        };","","        local.testCase_buildTest_default = local.testCase_buildTest_default || function (","            options,","            onError","        ) {","        /*","         * this function will test buildTest's default handling-behavior","         */","            options = {};","            local.buildTest(options, onError);","        };","","        local.testCase_webpage_default = local.testCase_webpage_default || function (","            options,","            onError","        ) {","        /*","         * this function will test webpage's default handling-behavior","         */","            options = { modeCoverageMerge: true, url: local.serverLocalHost + '?modeTest=1' };","            local.browserTest(options, onError);","        };","","        // run test-server","        local.testRunServer(local);","        break;","    }","}());",""],"l":{"12":2,"14":2,"19":2,"21":2,"23":2,"24":2,"25":2,"30":1,"37":2,"40":2,"43":1,"47":1,"50":1,"52":1,"55":2,"61":2,"62":2,"64":2,"70":1,"76":1,"82":2,"83":2,"85":2,"91":1,"98":1,"102":1,"105":1,"112":1,"119":1,"120":1,"123":1,"130":1,"131":1,"132":1,"133":1,"134":1,"135":1,"138":1,"143":2,"144":2,"147":1,"154":2,"155":2,"158":1,"165":2,"166":2,"169":1,"176":2,"177":2,"180":1,"187":1,"188":1,"192":1,"193":1}},"/home/travis/build/npmtest/node-npmtest-jsx-control-statements/lib.npmtest_jsx_control_statements.js":{"path":"/home/travis/build/npmtest/node-npmtest-jsx-control-statements/lib.npmtest_jsx_control_statements.js","s":{"1":2,"2":2,"3":2,"4":2,"5":2,"6":2,"7":2,"8":1,"9":2,"10":2,"11":2,"12":2,"13":1,"14":1,"15":1,"16":1},"b":{"1":[2,1,1,1],"2":[1,1,1,1],"3":[1,1],"4":[2,2],"5":[1,1]},"f":{"1":2,"2":2,"3":2},"fnMap":{"1":{"name":"(anonymous_1)","line":12,"loc":{"start":{"line":12,"column":1},"end":{"line":12,"column":13}}},"2":{"name":"(anonymous_2)","line":19,"loc":{"start":{"line":19,"column":5},"end":{"line":19,"column":17}}},"3":{"name":"(anonymous_3)","line":23,"loc":{"start":{"line":23,"column":24},"end":{"line":23,"column":36}}}},"statementMap":{"1":{"start":{"line":12,"column":0},"end":{"line":53,"column":5}},"2":{"start":{"line":14,"column":4},"end":{"line":14,"column":14}},"3":{"start":{"line":19,"column":4},"end":{"line":52,"column":9}},"4":{"start":{"line":21,"column":8},"end":{"line":21,"column":19}},"5":{"start":{"line":23,"column":8},"end":{"line":35,"column":13}},"6":{"start":{"line":24,"column":12},"end":{"line":34,"column":13}},"7":{"start":{"line":25,"column":16},"end":{"line":28,"column":30}},"8":{"start":{"line":30,"column":16},"end":{"line":33,"column":27}},"9":{"start":{"line":37,"column":8},"end":{"line":39,"column":21}},"10":{"start":{"line":41,"column":8},"end":{"line":41,"column":54}},"11":{"start":{"line":43,"column":8},"end":{"line":43,"column":67}},"12":{"start":{"line":45,"column":8},"end":{"line":51,"column":9}},"13":{"start":{"line":46,"column":12},"end":{"line":46,"column":73}},"14":{"start":{"line":48,"column":12},"end":{"line":48,"column":35}},"15":{"start":{"line":49,"column":12},"end":{"line":49,"column":49}},"16":{"start":{"line":50,"column":12},"end":{"line":50,"column":43}}},"branchMap":{"1":{"line":25,"type":"binary-expr","locations":[{"start":{"line":25,"column":23},"end":{"line":25,"column":62}},{"start":{"line":26,"column":20},"end":{"line":26,"column":70}},{"start":{"line":27,"column":20},"end":{"line":27,"column":71}},{"start":{"line":28,"column":20},"end":{"line":28,"column":29}}]},"2":{"line":30,"type":"binary-expr","locations":[{"start":{"line":30,"column":23},"end":{"line":30,"column":37}},{"start":{"line":31,"column":20},"end":{"line":31,"column":61}},{"start":{"line":32,"column":20},"end":{"line":32,"column":70}},{"start":{"line":33,"column":20},"end":{"line":33,"column":26}}]},"3":{"line":37,"type":"cond-expr","locations":[{"start":{"line":38,"column":14},"end":{"line":38,"column":20}},{"start":{"line":39,"column":14},"end":{"line":39,"column":20}}]},"4":{"line":41,"type":"binary-expr","locations":[{"start":{"line":41,"column":16},"end":{"line":41,"column":44}},{"start":{"line":41,"column":48},"end":{"line":41,"column":53}}]},"5":{"line":45,"type":"if","locations":[{"start":{"line":45,"column":8},"end":{"line":45,"column":8}},{"start":{"line":45,"column":8},"end":{"line":45,"column":8}}]}},"code":["/* istanbul instrument in package npmtest_jsx_control_statements */","/*jslint","    bitwise: true,","    browser: true,","    maxerr: 8,","    maxlen: 96,","    node: true,","    nomen: true,","    regexp: true,","    stupid: true","*/","(function () {","    'use strict';","    var local;","","","","    // run shared js-env code - pre-init","    (function () {","        // init local","        local = {};","        // init modeJs","        local.modeJs = (function () {","            try {","                return typeof navigator.userAgent === 'string' &&","                    typeof document.querySelector('body') === 'object' &&","                    typeof XMLHttpRequest.prototype.open === 'function' &&","                    'browser';","            } catch (errorCaughtBrowser) {","                return module.exports &&","                    typeof process.versions.node === 'string' &&","                    typeof require('http').createServer === 'function' &&","                    'node';","            }","        }());","        // init global","        local.global = local.modeJs === 'browser'","            ? window","            : global;","        // init utility2_rollup","        local = local.global.utility2_rollup || local;","        // init lib","        local.local = local.npmtest_jsx_control_statements = local;","        // init exports","        if (local.modeJs === 'browser') {","            local.global.utility2_npmtest_jsx_control_statements = local;","        } else {","            module.exports = local;","            module.exports.__dirname = __dirname;","            module.exports.module = module;","        }","    }());","}());",""],"l":{"12":2,"14":2,"19":2,"21":2,"23":2,"24":2,"25":2,"30":1,"37":2,"41":2,"43":2,"45":2,"46":1,"48":1,"49":1,"50":1}},"/home/travis/build/npmtest/node-npmtest-jsx-control-statements/example.js":{"path":"/home/travis/build/npmtest/node-npmtest-jsx-control-statements/example.js","s":{"1":2,"2":2,"3":2,"4":2,"5":2,"6":2,"7":2,"8":1,"9":2,"10":2,"11":2,"12":2,"13":1,"14":2,"15":2,"16":2,"17":2,"18":2,"19":0,"20":2,"21":1,"22":1,"23":1,"24":1,"25":1,"26":0,"27":0,"28":1,"29":1,"30":2,"31":0,"32":0,"33":0,"34":1,"35":2,"36":2,"37":3,"38":3,"39":3,"40":3,"41":0,"42":3,"43":3,"44":3,"45":1,"46":3,"47":1,"48":1,"49":1,"50":1,"51":1,"52":1,"53":1,"54":1,"55":1,"56":1,"57":0,"58":1,"59":6,"60":6,"61":1,"62":2,"63":0,"64":2,"65":1,"66":1,"67":0,"68":0,"69":0,"70":0,"71":0,"72":0,"73":0,"74":0,"75":0,"76":0,"77":0,"78":0,"79":0,"80":0,"81":0,"82":0,"83":0},"b":{"1":[2,1,1,1],"2":[1,1,1,1],"3":[1,1],"4":[2,2],"5":[1,1],"6":[1,1],"7":[2,0],"8":[2,1,1,1,1,1],"9":[0,2,0],"10":[1,1],"11":[2,1,1],"12":[1,0],"13":[0,2],"14":[2,0,0,0,0,0,0],"15":[0,3],"16":[3,0],"17":[1,1],"18":[0,1],"19":[1,2,0,2],"20":[1,0],"21":[1,1],"22":[0,0],"23":[0,0],"24":[0,0],"25":[0,0],"26":[0,0],"27":[0,0],"28":[0,0]},"f":{"1":2,"2":2,"3":2,"4":2,"5":2,"6":2,"7":3,"8":3,"9":3,"10":1,"11":6,"12":0},"fnMap":{"1":{"name":"(anonymous_1)","line":26,"loc":{"start":{"line":26,"column":1},"end":{"line":26,"column":13}}},"2":{"name":"(anonymous_2)","line":33,"loc":{"start":{"line":33,"column":5},"end":{"line":33,"column":17}}},"3":{"name":"(anonymous_3)","line":37,"loc":{"start":{"line":37,"column":24},"end":{"line":37,"column":36}}},"4":{"name":"(anonymous_4)","line":69,"loc":{"start":{"line":69,"column":31},"end":{"line":69,"column":48}},"skip":true},"5":{"name":"(anonymous_5)","line":78,"loc":{"start":{"line":78,"column":26},"end":{"line":78,"column":45}},"skip":true},"6":{"name":"(anonymous_6)","line":123,"loc":{"start":{"line":123,"column":33},"end":{"line":123,"column":48}},"skip":true},"7":{"name":"(anonymous_7)","line":125,"loc":{"start":{"line":125,"column":27},"end":{"line":125,"column":39}},"skip":true},"8":{"name":"(anonymous_8)","line":133,"loc":{"start":{"line":133,"column":59},"end":{"line":133,"column":74}},"skip":true},"9":{"name":"(anonymous_9)","line":143,"loc":{"start":{"line":143,"column":45},"end":{"line":143,"column":62}},"skip":true},"10":{"name":"(anonymous_10)","line":144,"loc":{"start":{"line":144,"column":73},"end":{"line":144,"column":92}},"skip":true},"11":{"name":"(anonymous_11)","line":272,"loc":{"start":{"line":272,"column":51},"end":{"line":272,"column":77}},"skip":true},"12":{"name":"(anonymous_12)","line":315,"loc":{"start":{"line":315,"column":32},"end":{"line":315,"column":61}},"skip":true}},"statementMap":{"1":{"start":{"line":26,"column":0},"end":{"line":326,"column":5}},"2":{"start":{"line":28,"column":4},"end":{"line":28,"column":14}},"3":{"start":{"line":33,"column":4},"end":{"line":60,"column":9}},"4":{"start":{"line":35,"column":8},"end":{"line":35,"column":19}},"5":{"start":{"line":37,"column":8},"end":{"line":49,"column":13}},"6":{"start":{"line":38,"column":12},"end":{"line":48,"column":13}},"7":{"start":{"line":39,"column":16},"end":{"line":42,"column":30}},"8":{"start":{"line":44,"column":16},"end":{"line":47,"column":27}},"9":{"start":{"line":51,"column":8},"end":{"line":53,"column":21}},"10":{"start":{"line":55,"column":8},"end":{"line":57,"column":45}},"11":{"start":{"line":59,"column":8},"end":{"line":59,"column":35}},"12":{"start":{"line":61,"column":4},"end":{"line":325,"column":5}},"13":{"start":{"line":69,"column":8},"end":{"line":121,"column":10},"skip":true},"14":{"start":{"line":70,"column":12},"end":{"line":88,"column":13},"skip":true},"15":{"start":{"line":76,"column":16},"end":{"line":87,"column":19},"skip":true},"16":{"start":{"line":79,"column":20},"end":{"line":86,"column":21},"skip":true},"17":{"start":{"line":82,"column":24},"end":{"line":82,"column":43},"skip":true},"18":{"start":{"line":83,"column":24},"end":{"line":83,"column":30},"skip":true},"19":{"start":{"line":85,"column":24},"end":{"line":85,"column":49},"skip":true},"20":{"start":{"line":89,"column":12},"end":{"line":107,"column":13},"skip":true},"21":{"start":{"line":92,"column":16},"end":{"line":102,"column":17},"skip":true},"22":{"start":{"line":93,"column":20},"end":{"line":93,"column":86},"skip":true},"23":{"start":{"line":94,"column":20},"end":{"line":95,"column":45},"skip":true},"24":{"start":{"line":96,"column":20},"end":{"line":96,"column":42},"skip":true},"25":{"start":{"line":97,"column":20},"end":{"line":97,"column":48},"skip":true},"26":{"start":{"line":100,"column":20},"end":{"line":100,"column":85},"skip":true},"27":{"start":{"line":101,"column":20},"end":{"line":101,"column":96},"skip":true},"28":{"start":{"line":103,"column":16},"end":{"line":103,"column":22},"skip":true},"29":{"start":{"line":106,"column":16},"end":{"line":106,"column":22},"skip":true},"30":{"start":{"line":108,"column":12},"end":{"line":120,"column":13},"skip":true},"31":{"start":{"line":114,"column":16},"end":{"line":119,"column":17},"skip":true},"32":{"start":{"line":116,"column":20},"end":{"line":116,"column":78},"skip":true},"33":{"start":{"line":118,"column":20},"end":{"line":118,"column":47},"skip":true},"34":{"start":{"line":123,"column":8},"end":{"line":141,"column":11},"skip":true},"35":{"start":{"line":124,"column":12},"end":{"line":124,"column":54},"skip":true},"36":{"start":{"line":125,"column":12},"end":{"line":140,"column":14},"skip":true},"37":{"start":{"line":126,"column":16},"end":{"line":126,"column":28},"skip":true},"38":{"start":{"line":127,"column":16},"end":{"line":127,"column":69},"skip":true},"39":{"start":{"line":128,"column":16},"end":{"line":128,"column":75},"skip":true},"40":{"start":{"line":129,"column":16},"end":{"line":131,"column":17},"skip":true},"41":{"start":{"line":130,"column":20},"end":{"line":130,"column":27},"skip":true},"42":{"start":{"line":133,"column":16},"end":{"line":137,"column":36},"skip":true},"43":{"start":{"line":134,"column":20},"end":{"line":136,"column":55},"skip":true},"44":{"start":{"line":139,"column":16},"end":{"line":139,"column":57},"skip":true},"45":{"start":{"line":143,"column":8},"end":{"line":147,"column":11},"skip":true},"46":{"start":{"line":144,"column":12},"end":{"line":146,"column":15},"skip":true},"47":{"start":{"line":145,"column":16},"end":{"line":145,"column":70},"skip":true},"48":{"start":{"line":149,"column":8},"end":{"line":149,"column":31},"skip":true},"49":{"start":{"line":150,"column":8},"end":{"line":150,"column":14},"skip":true},"50":{"start":{"line":158,"column":8},"end":{"line":158,"column":31},"skip":true},"51":{"start":{"line":160,"column":8},"end":{"line":160,"column":33},"skip":true},"52":{"start":{"line":161,"column":8},"end":{"line":161,"column":37},"skip":true},"53":{"start":{"line":162,"column":8},"end":{"line":162,"column":35},"skip":true},"54":{"start":{"line":164,"column":8},"end":{"line":164,"column":50},"skip":true},"55":{"start":{"line":166,"column":8},"end":{"line":256,"column":2},"skip":true},"56":{"start":{"line":258,"column":8},"end":{"line":286,"column":9},"skip":true},"57":{"start":{"line":259,"column":12},"end":{"line":269,"column":14},"skip":true},"58":{"start":{"line":271,"column":12},"end":{"line":285,"column":19},"skip":true},"59":{"start":{"line":274,"column":20},"end":{"line":274,"column":35},"skip":true},"60":{"start":{"line":275,"column":20},"end":{"line":284,"column":21},"skip":true},"61":{"start":{"line":277,"column":24},"end":{"line":277,"column":64},"skip":true},"62":{"start":{"line":279,"column":24},"end":{"line":279,"column":40},"skip":true},"63":{"start":{"line":281,"column":24},"end":{"line":281,"column":40},"skip":true},"64":{"start":{"line":283,"column":24},"end":{"line":283,"column":39},"skip":true},"65":{"start":{"line":288,"column":8},"end":{"line":290,"column":9},"skip":true},"66":{"start":{"line":289,"column":12},"end":{"line":289,"column":18},"skip":true},"67":{"start":{"line":291,"column":8},"end":{"line":293,"column":54},"skip":true},"68":{"start":{"line":296,"column":8},"end":{"line":301,"column":37},"skip":true},"69":{"start":{"line":303,"column":8},"end":{"line":303,"column":82},"skip":true},"70":{"start":{"line":306,"column":8},"end":{"line":308,"column":9},"skip":true},"71":{"start":{"line":307,"column":12},"end":{"line":307,"column":82},"skip":true},"72":{"start":{"line":310,"column":8},"end":{"line":312,"column":9},"skip":true},"73":{"start":{"line":311,"column":12},"end":{"line":311,"column":18},"skip":true},"74":{"start":{"line":313,"column":8},"end":{"line":313,"column":54},"skip":true},"75":{"start":{"line":314,"column":8},"end":{"line":314,"column":69},"skip":true},"76":{"start":{"line":315,"column":8},"end":{"line":323,"column":36},"skip":true},"77":{"start":{"line":316,"column":12},"end":{"line":316,"column":61},"skip":true},"78":{"start":{"line":317,"column":12},"end":{"line":320,"column":13},"skip":true},"79":{"start":{"line":318,"column":16},"end":{"line":318,"column":75},"skip":true},"80":{"start":{"line":319,"column":16},"end":{"line":319,"column":23},"skip":true},"81":{"start":{"line":321,"column":12},"end":{"line":321,"column":38},"skip":true},"82":{"start":{"line":322,"column":12},"end":{"line":322,"column":27},"skip":true},"83":{"start":{"line":324,"column":8},"end":{"line":324,"column":14},"skip":true}},"branchMap":{"1":{"line":39,"type":"binary-expr","locations":[{"start":{"line":39,"column":23},"end":{"line":39,"column":62}},{"start":{"line":40,"column":20},"end":{"line":40,"column":70}},{"start":{"line":41,"column":20},"end":{"line":41,"column":71}},{"start":{"line":42,"column":20},"end":{"line":42,"column":29}}]},"2":{"line":44,"type":"binary-expr","locations":[{"start":{"line":44,"column":23},"end":{"line":44,"column":37}},{"start":{"line":45,"column":20},"end":{"line":45,"column":61}},{"start":{"line":46,"column":20},"end":{"line":46,"column":70}},{"start":{"line":47,"column":20},"end":{"line":47,"column":26}}]},"3":{"line":51,"type":"cond-expr","locations":[{"start":{"line":52,"column":14},"end":{"line":52,"column":20}},{"start":{"line":53,"column":14},"end":{"line":53,"column":20}}]},"4":{"line":55,"type":"binary-expr","locations":[{"start":{"line":55,"column":16},"end":{"line":55,"column":44}},{"start":{"line":55,"column":49},"end":{"line":57,"column":43}}]},"5":{"line":55,"type":"cond-expr","locations":[{"start":{"line":56,"column":14},"end":{"line":56,"column":66}},{"start":{"line":57,"column":14},"end":{"line":57,"column":43}}]},"6":{"line":61,"type":"switch","locations":[{"start":{"line":68,"column":4},"end":{"line":150,"column":14},"skip":true},{"start":{"line":156,"column":4},"end":{"line":324,"column":14},"skip":true}]},"7":{"line":70,"type":"if","locations":[{"start":{"line":70,"column":12},"end":{"line":70,"column":12},"skip":true},{"start":{"line":70,"column":12},"end":{"line":70,"column":12},"skip":true}]},"8":{"line":70,"type":"binary-expr","locations":[{"start":{"line":70,"column":16},"end":{"line":70,"column":22},"skip":true},{"start":{"line":70,"column":27},"end":{"line":70,"column":32},"skip":true},{"start":{"line":71,"column":20},"end":{"line":71,"column":39},"skip":true},{"start":{"line":72,"column":20},"end":{"line":72,"column":49},"skip":true},{"start":{"line":73,"column":20},"end":{"line":73,"column":58},"skip":true},{"start":{"line":74,"column":20},"end":{"line":74,"column":69},"skip":true}]},"9":{"line":79,"type":"switch","locations":[{"start":{"line":80,"column":20},"end":{"line":80,"column":33},"skip":true},{"start":{"line":81,"column":20},"end":{"line":83,"column":30},"skip":true},{"start":{"line":84,"column":20},"end":{"line":85,"column":49},"skip":true}]},"10":{"line":89,"type":"switch","locations":[{"start":{"line":90,"column":12},"end":{"line":103,"column":22},"skip":true},{"start":{"line":105,"column":12},"end":{"line":106,"column":22},"skip":true}]},"11":{"line":89,"type":"binary-expr","locations":[{"start":{"line":89,"column":20},"end":{"line":89,"column":25},"skip":true},{"start":{"line":89,"column":29},"end":{"line":89,"column":48},"skip":true},{"start":{"line":89,"column":52},"end":{"line":89,"column":74},"skip":true}]},"12":{"line":92,"type":"if","locations":[{"start":{"line":92,"column":16},"end":{"line":92,"column":16},"skip":true},{"start":{"line":92,"column":16},"end":{"line":92,"column":16},"skip":true}]},"13":{"line":108,"type":"if","locations":[{"start":{"line":108,"column":12},"end":{"line":108,"column":12},"skip":true},{"start":{"line":108,"column":12},"end":{"line":108,"column":12},"skip":true}]},"14":{"line":108,"type":"binary-expr","locations":[{"start":{"line":108,"column":16},"end":{"line":108,"column":61},"skip":true},{"start":{"line":108,"column":66},"end":{"line":108,"column":72},"skip":true},{"start":{"line":108,"column":77},"end":{"line":108,"column":82},"skip":true},{"start":{"line":109,"column":20},"end":{"line":109,"column":39},"skip":true},{"start":{"line":110,"column":20},"end":{"line":110,"column":49},"skip":true},{"start":{"line":111,"column":20},"end":{"line":111,"column":58},"skip":true},{"start":{"line":112,"column":20},"end":{"line":112,"column":68},"skip":true}]},"15":{"line":129,"type":"if","locations":[{"start":{"line":129,"column":16},"end":{"line":129,"column":16},"skip":true},{"start":{"line":129,"column":16},"end":{"line":129,"column":16},"skip":true}]},"16":{"line":134,"type":"cond-expr","locations":[{"start":{"line":135,"column":26},"end":{"line":135,"column":29},"skip":true},{"start":{"line":136,"column":26},"end":{"line":136,"column":54},"skip":true}]},"17":{"line":164,"type":"binary-expr","locations":[{"start":{"line":164,"column":27},"end":{"line":164,"column":43},"skip":true},{"start":{"line":164,"column":47},"end":{"line":164,"column":49},"skip":true}]},"18":{"line":258,"type":"if","locations":[{"start":{"line":258,"column":8},"end":{"line":258,"column":8},"skip":true},{"start":{"line":258,"column":8},"end":{"line":258,"column":8},"skip":true}]},"19":{"line":275,"type":"switch","locations":[{"start":{"line":276,"column":20},"end":{"line":277,"column":64},"skip":true},{"start":{"line":278,"column":20},"end":{"line":279,"column":40},"skip":true},{"start":{"line":280,"column":20},"end":{"line":281,"column":40},"skip":true},{"start":{"line":282,"column":20},"end":{"line":283,"column":39},"skip":true}]},"20":{"line":288,"type":"if","locations":[{"start":{"line":288,"column":8},"end":{"line":288,"column":8},"skip":true},{"start":{"line":288,"column":8},"end":{"line":288,"column":8},"skip":true}]},"21":{"line":288,"type":"binary-expr","locations":[{"start":{"line":288,"column":12},"end":{"line":288,"column":40},"skip":true},{"start":{"line":288,"column":44},"end":{"line":288,"column":67},"skip":true}]},"22":{"line":292,"type":"binary-expr","locations":[{"start":{"line":292,"column":12},"end":{"line":292,"column":50},"skip":true},{"start":{"line":293,"column":12},"end":{"line":293,"column":53},"skip":true}]},"23":{"line":297,"type":"binary-expr","locations":[{"start":{"line":297,"column":12},"end":{"line":297,"column":80},"skip":true},{"start":{"line":298,"column":12},"end":{"line":301,"column":36},"skip":true}]},"24":{"line":303,"type":"binary-expr","locations":[{"start":{"line":303,"column":43},"end":{"line":303,"column":75},"skip":true},{"start":{"line":303,"column":79},"end":{"line":303,"column":81},"skip":true}]},"25":{"line":306,"type":"if","locations":[{"start":{"line":306,"column":8},"end":{"line":306,"column":8},"skip":true},{"start":{"line":306,"column":8},"end":{"line":306,"column":8},"skip":true}]},"26":{"line":310,"type":"if","locations":[{"start":{"line":310,"column":8},"end":{"line":310,"column":8},"skip":true},{"start":{"line":310,"column":8},"end":{"line":310,"column":8},"skip":true}]},"27":{"line":313,"type":"binary-expr","locations":[{"start":{"line":313,"column":27},"end":{"line":313,"column":43},"skip":true},{"start":{"line":313,"column":47},"end":{"line":313,"column":53},"skip":true}]},"28":{"line":317,"type":"if","locations":[{"start":{"line":317,"column":12},"end":{"line":317,"column":12},"skip":true},{"start":{"line":317,"column":12},"end":{"line":317,"column":12},"skip":true}]}},"code":["/*","example.js","","quickstart example","","instruction","    1. save this script as example.js","    2. run the shell command:","        $ npm install npmtest-jsx-control-statements && PORT=8081 node example.js","    3. play with the browser-demo on http://127.0.0.1:8081","*/","","","","/* istanbul instrument in package npmtest_jsx_control_statements */","/*jslint","    bitwise: true,","    browser: true,","    maxerr: 8,","    maxlen: 96,","    node: true,","    nomen: true,","    regexp: true,","    stupid: true","*/","(function () {","    'use strict';","    var local;","","","","    // run shared js-env code - pre-init","    (function () {","        // init local","        local = {};","        // init modeJs","        local.modeJs = (function () {","            try {","                return typeof navigator.userAgent === 'string' &&","                    typeof document.querySelector('body') === 'object' &&","                    typeof XMLHttpRequest.prototype.open === 'function' &&","                    'browser';","            } catch (errorCaughtBrowser) {","                return module.exports &&","                    typeof process.versions.node === 'string' &&","                    typeof require('http').createServer === 'function' &&","                    'node';","            }","        }());","        // init global","        local.global = local.modeJs === 'browser'","            ? window","            : global;","        // init utility2_rollup","        local = local.global.utility2_rollup || (local.modeJs === 'browser'","            ? local.global.utility2_npmtest_jsx_control_statements","            : global.utility2_moduleExports);","        // export local","        local.global.local = local;","    }());","    switch (local.modeJs) {","","","","    // post-init","    // run browser js-env code - post-init","    /* istanbul ignore next */","    case 'browser':","        local.testRunBrowser = function (event) {","            if (!event || (event &&","                    event.currentTarget &&","                    event.currentTarget.className &&","                    event.currentTarget.className.includes &&","                    event.currentTarget.className.includes('onreset'))) {","                // reset output","                Array.from(","                    document.querySelectorAll('body > .resettable')","                ).forEach(function (element) {","                    switch (element.tagName) {","                    case 'INPUT':","                    case 'TEXTAREA':","                        element.value = '';","                        break;","                    default:","                        element.textContent = '';","                    }","                });","            }","            switch (event && event.currentTarget && event.currentTarget.id) {","            case 'testRunButton1':","                // show tests","                if (document.querySelector('#testReportDiv1').style.display === 'none') {","                    document.querySelector('#testReportDiv1').style.display = 'block';","                    document.querySelector('#testRunButton1').textContent =","                        'hide internal test';","                    local.modeTest = true;","                    local.testRunDefault(local);","                // hide tests","                } else {","                    document.querySelector('#testReportDiv1').style.display = 'none';","                    document.querySelector('#testRunButton1').textContent = 'run internal test';","                }","                break;","            // custom-case","            default:","                break;","            }","            if (document.querySelector('#inputTextareaEval1') && (!event || (event &&","                    event.currentTarget &&","                    event.currentTarget.className &&","                    event.currentTarget.className.includes &&","                    event.currentTarget.className.includes('oneval')))) {","                // try to eval input-code","                try {","                    /*jslint evil: true*/","                    eval(document.querySelector('#inputTextareaEval1').value);","                } catch (errorCaught) {","                    console.error(errorCaught);","                }","            }","        };","        // log stderr and stdout to #outputTextareaStdout1","        ['error', 'log'].forEach(function (key) {","            console[key + '_original'] = console[key];","            console[key] = function () {","                var element;","                console[key + '_original'].apply(console, arguments);","                element = document.querySelector('#outputTextareaStdout1');","                if (!element) {","                    return;","                }","                // append text to #outputTextareaStdout1","                element.value += Array.from(arguments).map(function (arg) {","                    return typeof arg === 'string'","                        ? arg","                        : JSON.stringify(arg, null, 4);","                }).join(' ') + '\\n';","                // scroll textarea to bottom","                element.scrollTop = element.scrollHeight;","            };","        });","        // init event-handling","        ['change', 'click', 'keyup'].forEach(function (event) {","            Array.from(document.querySelectorAll('.on' + event)).forEach(function (element) {","                element.addEventListener(event, local.testRunBrowser);","            });","        });","        // run tests","        local.testRunBrowser();","        break;","","","","    // run node js-env code - post-init","    /* istanbul ignore next */","    case 'node':","        // export local","        module.exports = local;","        // require modules","        local.fs = require('fs');","        local.http = require('http');","        local.url = require('url');","        // init assets","        local.assetsDict = local.assetsDict || {};","        /* jslint-ignore-begin */","        local.assetsDict['/assets.index.template.html'] = '\\","<!doctype html>\\n\\","<html lang=\"en\">\\n\\","<head>\\n\\","<meta charset=\"UTF-8\">\\n\\","<meta name=\"viewport\" content=\"width=device-width, initial-scale=1\">\\n\\","<title>{{env.npm_package_name}} (v{{env.npm_package_version}})</title>\\n\\","<style>\\n\\","/*csslint\\n\\","    box-sizing: false,\\n\\","    universal-selector: false\\n\\","*/\\n\\","* {\\n\\","    box-sizing: border-box;\\n\\","}\\n\\","body {\\n\\","    background: #dde;\\n\\","    font-family: Arial, Helvetica, sans-serif;\\n\\","    margin: 2rem;\\n\\","}\\n\\","body > * {\\n\\","    margin-bottom: 1rem;\\n\\","}\\n\\",".utility2FooterDiv {\\n\\","    margin-top: 20px;\\n\\","    text-align: center;\\n\\","}\\n\\","</style>\\n\\","<style>\\n\\","/*csslint\\n\\","*/\\n\\","textarea {\\n\\","    font-family: monospace;\\n\\","    height: 10rem;\\n\\","    width: 100%;\\n\\","}\\n\\","textarea[readonly] {\\n\\","    background: #ddd;\\n\\","}\\n\\","</style>\\n\\","</head>\\n\\","<body>\\n\\","<!-- utility2-comment\\n\\","<div id=\"ajaxProgressDiv1\" style=\"background: #d00; height: 2px; left: 0; margin: 0; padding: 0; position: fixed; top: 0; transition: background 0.5s, width 1.5s; width: 25%;\"></div>\\n\\","utility2-comment -->\\n\\","<h1>\\n\\","<!-- utility2-comment\\n\\","    <a\\n\\","        {{#if env.npm_package_homepage}}\\n\\","        href=\"{{env.npm_package_homepage}}\"\\n\\","        {{/if env.npm_package_homepage}}\\n\\","        target=\"_blank\"\\n\\","    >\\n\\","utility2-comment -->\\n\\","        {{env.npm_package_name}} (v{{env.npm_package_version}})\\n\\","<!-- utility2-comment\\n\\","    </a>\\n\\","utility2-comment -->\\n\\","</h1>\\n\\","<h3>{{env.npm_package_description}}</h3>\\n\\","<!-- utility2-comment\\n\\","<h4><a download href=\"assets.app.js\">download standalone app</a></h4>\\n\\","<button class=\"onclick onreset\" id=\"testRunButton1\">run internal test</button><br>\\n\\","<div id=\"testReportDiv1\" style=\"display: none;\"></div>\\n\\","utility2-comment -->\\n\\","\\n\\","\\n\\","\\n\\","<label>stderr and stdout</label>\\n\\","<textarea class=\"resettable\" id=\"outputTextareaStdout1\" readonly></textarea>\\n\\","<!-- utility2-comment\\n\\","{{#if isRollup}}\\n\\","<script src=\"assets.app.js\"></script>\\n\\","{{#unless isRollup}}\\n\\","utility2-comment -->\\n\\","<script src=\"assets.utility2.rollup.js\"></script>\\n\\","<script src=\"jsonp.utility2._stateInit?callback=window.utility2._stateInit\"></script>\\n\\","<script src=\"assets.npmtest_jsx_control_statements.rollup.js\"></script>\\n\\","<script src=\"assets.example.js\"></script>\\n\\","<script src=\"assets.test.js\"></script>\\n\\","<!-- utility2-comment\\n\\","{{/if isRollup}}\\n\\","utility2-comment -->\\n\\","<div class=\"utility2FooterDiv\">\\n\\","    [ this app was created with\\n\\","    <a href=\"https://github.com/kaizhu256/node-utility2\" target=\"_blank\">utility2</a>\\n\\","    ]\\n\\","</div>\\n\\","</body>\\n\\","</html>\\n\\","';","        /* jslint-ignore-end */","        if (local.templateRender) {","            local.assetsDict['/'] = local.templateRender(","                local.assetsDict['/assets.index.template.html'],","                {","                    env: local.objectSetDefault(local.env, {","                        npm_package_description: 'the greatest app in the world!',","                        npm_package_name: 'my-app',","                        npm_package_nameAlias: 'my_app',","                        npm_package_version: '0.0.1'","                    })","                }","            );","        } else {","            local.assetsDict['/'] = local.assetsDict['/assets.index.template.html']","                .replace((/\\{\\{env\\.(\\w+?)\\}\\}/g), function (match0, match1) {","                    // jslint-hack","                    String(match0);","                    switch (match1) {","                    case 'npm_package_description':","                        return 'the greatest app in the world!';","                    case 'npm_package_name':","                        return 'my-app';","                    case 'npm_package_nameAlias':","                        return 'my_app';","                    case 'npm_package_version':","                        return '0.0.1';","                    }","                });","        }","        // run the cli","        if (local.global.utility2_rollup || module !== require.main) {","            break;","        }","        local.assetsDict['/assets.example.js'] =","            local.assetsDict['/assets.example.js'] ||","            local.fs.readFileSync(__filename, 'utf8');","        // bug-workaround - long $npm_package_buildCustomOrg","        /* jslint-ignore-begin */","        local.assetsDict['/assets.npmtest_jsx_control_statements.rollup.js'] =","            local.assetsDict['/assets.npmtest_jsx_control_statements.rollup.js'] ||","            local.fs.readFileSync(","                local.npmtest_jsx_control_statements.__dirname + '/lib.npmtest_jsx_control_statements.js',","                'utf8'","            ).replace((/^#!/), '//');","        /* jslint-ignore-end */","        local.assetsDict['/favicon.ico'] = local.assetsDict['/favicon.ico'] || '';","        // if $npm_config_timeout_exit exists,","        // then exit this process after $npm_config_timeout_exit ms","        if (Number(process.env.npm_config_timeout_exit)) {","            setTimeout(process.exit, Number(process.env.npm_config_timeout_exit));","        }","        // start server","        if (local.global.utility2_serverHttp1) {","            break;","        }","        process.env.PORT = process.env.PORT || '8081';","        console.error('server starting on port ' + process.env.PORT);","        local.http.createServer(function (request, response) {","            request.urlParsed = local.url.parse(request.url);","            if (local.assetsDict[request.urlParsed.pathname] !== undefined) {","                response.end(local.assetsDict[request.urlParsed.pathname]);","                return;","            }","            response.statusCode = 404;","            response.end();","        }).listen(process.env.PORT);","        break;","    }","}());",""],"l":{"26":2,"28":2,"33":2,"35":2,"37":2,"38":2,"39":2,"44":1,"51":2,"55":2,"59":2,"61":2,"69":1,"70":2,"76":2,"79":2,"82":2,"83":2,"85":1,"89":2,"92":1,"93":1,"94":1,"96":1,"97":1,"100":1,"101":1,"103":1,"106":1,"108":2,"114":1,"116":1,"118":1,"123":1,"124":2,"125":2,"126":3,"127":3,"128":3,"129":3,"130":1,"133":3,"134":3,"139":3,"143":1,"144":3,"145":1,"149":1,"150":1,"158":1,"160":1,"161":1,"162":1,"164":1,"166":1,"258":1,"259":1,"271":1,"274":6,"275":6,"277":1,"279":2,"281":1,"283":2,"288":1,"289":1,"291":1,"296":1,"303":1,"306":1,"307":1,"310":1,"311":1,"313":1,"314":1,"315":1,"316":1,"317":1,"318":1,"319":1,"321":1,"322":1,"324":1}},"/home/travis/build/npmtest/node-npmtest-jsx-control-statements/node_modules/jsx-control-statements/src/index.js":{"path":"/home/travis/build/npmtest/node-npmtest-jsx-control-statements/node_modules/jsx-control-statements/src/index.js","s":{"1":1,"2":1,"3":1,"4":1,"5":0,"6":0,"7":0,"8":0,"9":0,"10":0,"11":0},"b":{"1":[0,0]},"f":{"1":0,"2":0},"fnMap":{"1":{"name":"jcsPlugin","line":6,"loc":{"start":{"line":6,"column":17},"end":{"line":6,"column":43}}},"2":{"name":"(anonymous_2)","line":14,"loc":{"start":{"line":14,"column":16},"end":{"line":14,"column":31}}}},"statementMap":{"1":{"start":{"line":1,"column":0},"end":{"line":1,"column":45}},"2":{"start":{"line":2,"column":0},"end":{"line":2,"column":43}},"3":{"start":{"line":3,"column":0},"end":{"line":3,"column":51}},"4":{"start":{"line":6,"column":0},"end":{"line":28,"column":2}},"5":{"start":{"line":7,"column":2},"end":{"line":11,"column":4}},"6":{"start":{"line":13,"column":2},"end":{"line":22,"column":4}},"7":{"start":{"line":15,"column":6},"end":{"line":15,"column":56}},"8":{"start":{"line":16,"column":6},"end":{"line":16,"column":43}},"9":{"start":{"line":18,"column":6},"end":{"line":20,"column":7}},"10":{"start":{"line":19,"column":8},"end":{"line":19,"column":60}},"11":{"start":{"line":24,"column":2},"end":{"line":27,"column":4}}},"branchMap":{"1":{"line":18,"type":"if","locations":[{"start":{"line":18,"column":6},"end":{"line":18,"column":6}},{"start":{"line":18,"column":6},"end":{"line":18,"column":6}}]}},"code":["var transformFor = require(\"./forStatement\");","var transformIf = require(\"./ifStatement\");","var transformChoose = require(\"./chooseStatement\");","","","module.exports = function jcsPlugin(babel) {","  var nodeHandlers = {","    For: transformFor(babel),","    If: transformIf(babel),","    Choose: transformChoose(babel)","  };","","  var visitor = {","    JSXElement: function(path) {","      var nodeName = path.node.openingElement.name.name;","      var handler = nodeHandlers[nodeName];","","      if (handler) {","        path.replaceWith(handler(path.node, path.hub.file));","      }","    }","  };","","  return {","    inherits: require(\"babel-plugin-syntax-jsx\"),","    visitor: visitor","  };","};",""],"l":{"1":1,"2":1,"3":1,"6":1,"7":0,"13":0,"15":0,"16":0,"18":0,"19":0,"24":0}},"/home/travis/build/npmtest/node-npmtest-jsx-control-statements/node_modules/jsx-control-statements/src/forStatement.js":{"path":"/home/travis/build/npmtest/node-npmtest-jsx-control-statements/node_modules/jsx-control-statements/src/forStatement.js","s":{"1":1,"2":1,"3":1,"4":1,"5":1,"6":0,"7":0,"8":0,"9":0,"10":1,"11":0,"12":0,"13":1,"14":0,"15":0,"16":1,"17":0,"18":0,"19":0,"20":0,"21":0,"22":0,"23":0,"24":0,"25":0,"26":0,"27":0,"28":0,"29":0,"30":0,"31":0,"32":0,"33":0},"b":{"1":[0,0],"2":[0,0],"3":[0,0],"4":[0,0],"5":[0,0],"6":[0,0],"7":[0,0],"8":[0,0]},"f":{"1":0,"2":0,"3":0,"4":0,"5":0},"fnMap":{"1":{"name":"addMapParam","line":13,"loc":{"start":{"line":13,"column":0},"end":{"line":13,"column":62}}},"2":{"name":"checkForString","line":23,"loc":{"start":{"line":23,"column":0},"end":{"line":23,"column":54}}},"3":{"name":"checkForExpression","line":29,"loc":{"start":{"line":29,"column":0},"end":{"line":29,"column":58}}},"4":{"name":"(anonymous_4)","line":35,"loc":{"start":{"line":35,"column":17},"end":{"line":35,"column":33}}},"5":{"name":"(anonymous_5)","line":38,"loc":{"start":{"line":38,"column":9},"end":{"line":38,"column":30}}}},"statementMap":{"1":{"start":{"line":1,"column":0},"end":{"line":1,"column":36}},"2":{"start":{"line":2,"column":0},"end":{"line":2,"column":40}},"3":{"start":{"line":4,"column":0},"end":{"line":6,"column":2}},"4":{"start":{"line":7,"column":0},"end":{"line":11,"column":2}},"5":{"start":{"line":13,"column":0},"end":{"line":21,"column":1}},"6":{"start":{"line":14,"column":2},"end":{"line":14,"column":43}},"7":{"start":{"line":15,"column":2},"end":{"line":20,"column":3}},"8":{"start":{"line":16,"column":4},"end":{"line":16,"column":57}},"9":{"start":{"line":19,"column":4},"end":{"line":19,"column":48}},"10":{"start":{"line":23,"column":0},"end":{"line":27,"column":1}},"11":{"start":{"line":24,"column":2},"end":{"line":26,"column":3}},"12":{"start":{"line":25,"column":4},"end":{"line":25,"column":51}},"13":{"start":{"line":29,"column":0},"end":{"line":33,"column":1}},"14":{"start":{"line":30,"column":2},"end":{"line":32,"column":3}},"15":{"start":{"line":31,"column":4},"end":{"line":31,"column":55}},"16":{"start":{"line":35,"column":0},"end":{"line":79,"column":2}},"17":{"start":{"line":36,"column":2},"end":{"line":36,"column":26}},"18":{"start":{"line":38,"column":2},"end":{"line":78,"column":4}},"19":{"start":{"line":39,"column":4},"end":{"line":39,"column":23}},"20":{"start":{"line":40,"column":4},"end":{"line":40,"column":71}},"21":{"start":{"line":41,"column":4},"end":{"line":41,"column":51}},"22":{"start":{"line":42,"column":4},"end":{"line":42,"column":52}},"23":{"start":{"line":43,"column":4},"end":{"line":43,"column":85}},"24":{"start":{"line":46,"column":4},"end":{"line":48,"column":5}},"25":{"start":{"line":47,"column":6},"end":{"line":47,"column":60}},"26":{"start":{"line":50,"column":4},"end":{"line":50,"column":62}},"27":{"start":{"line":51,"column":4},"end":{"line":51,"column":60}},"28":{"start":{"line":52,"column":4},"end":{"line":52,"column":61}},"29":{"start":{"line":55,"column":4},"end":{"line":57,"column":5}},"30":{"start":{"line":56,"column":6},"end":{"line":56,"column":30}},"31":{"start":{"line":59,"column":4},"end":{"line":59,"column":63}},"32":{"start":{"line":60,"column":4},"end":{"line":60,"column":64}},"33":{"start":{"line":62,"column":4},"end":{"line":77,"column":6}}},"branchMap":{"1":{"line":15,"type":"if","locations":[{"start":{"line":15,"column":2},"end":{"line":15,"column":2}},{"start":{"line":15,"column":2},"end":{"line":15,"column":2}}]},"2":{"line":15,"type":"binary-expr","locations":[{"start":{"line":15,"column":6},"end":{"line":15,"column":15}},{"start":{"line":15,"column":19},"end":{"line":15,"column":34}}]},"3":{"line":24,"type":"if","locations":[{"start":{"line":24,"column":2},"end":{"line":24,"column":2}},{"start":{"line":24,"column":2},"end":{"line":24,"column":2}}]},"4":{"line":24,"type":"binary-expr","locations":[{"start":{"line":24,"column":6},"end":{"line":24,"column":22}},{"start":{"line":24,"column":26},"end":{"line":24,"column":68}}]},"5":{"line":30,"type":"if","locations":[{"start":{"line":30,"column":2},"end":{"line":30,"column":2}},{"start":{"line":30,"column":2},"end":{"line":30,"column":2}}]},"6":{"line":30,"type":"binary-expr","locations":[{"start":{"line":30,"column":6},"end":{"line":30,"column":22}},{"start":{"line":30,"column":26},"end":{"line":30,"column":74}}]},"7":{"line":46,"type":"if","locations":[{"start":{"line":46,"column":4},"end":{"line":46,"column":4}},{"start":{"line":46,"column":4},"end":{"line":46,"column":4}}]},"8":{"line":55,"type":"if","locations":[{"start":{"line":55,"column":4},"end":{"line":55,"column":4}},{"start":{"line":55,"column":4},"end":{"line":55,"column":4}}]}},"code":["var astUtil = require(\"./util/ast\");","var errorUtil = require(\"./util/error\");","","var ELEMENTS = {","  FOR: \"For\"","};","var ATTRIBUTES = {","  EACH: \"each\",","  OF: \"of\",","  INDEX: \"index\"","};","","function addMapParam(types, params, attributes, attributeKey) {","  var attribute = attributes[attributeKey];","  if (attribute && attribute.value) {","    params.push(types.Identifier(attribute.value.value));","  }","  else {","    params.push(types.Identifier(attributeKey));","  }","}","","function checkForString(attributes, name, errorInfos) {","  if (attributes[name] && !astUtil.isStringLiteral(attributes[name])) {","    errorUtil.throwNotStringType(name, errorInfos);","  }","}","","function checkForExpression(attributes, name, errorInfos) {","  if (attributes[name] && !astUtil.isExpressionContainer(attributes[name])) {","    errorUtil.throwNotExpressionType(name, errorInfos);","  }","}","","module.exports = function(babel) {","  var types = babel.types;","","  return function(node, file) {","    var mapParams = [];","    var errorInfos = { node: node, file: file, element: ELEMENTS.FOR };","    var attributes = astUtil.getAttributeMap(node);","    var children = astUtil.getChildren(types, node);","    var returnExpression = astUtil.getSanitizedExpressionForContent(types, children);","","    // required attribute","    if (!attributes[ATTRIBUTES.OF]) {","      errorUtil.throwNoAttribute(ATTRIBUTES.OF, errorInfos);","    }","    // check for correct data types, as far as possible","    checkForExpression(attributes, ATTRIBUTES.OF, errorInfos);","    checkForString(attributes, ATTRIBUTES.EACH, errorInfos);","    checkForString(attributes, ATTRIBUTES.INDEX, errorInfos);","","    // simply return without any child nodes","    if (!children.length) {","      return returnExpression;","    }","","    addMapParam(types, mapParams, attributes, ATTRIBUTES.EACH);","    addMapParam(types, mapParams, attributes, ATTRIBUTES.INDEX);","","    return types.callExpression(","      types.memberExpression(","        attributes[ATTRIBUTES.OF].value.expression,","        types.identifier(\"map\")","      ),","      [","        types.functionExpression(","          null,","          mapParams,","          types.blockStatement([","            types.returnStatement(returnExpression)","          ])","        ),","        types.identifier(\"this\")","      ]","    );","  };","};",""],"l":{"1":1,"2":1,"4":1,"7":1,"13":1,"14":0,"15":0,"16":0,"19":0,"23":1,"24":0,"25":0,"29":1,"30":0,"31":0,"35":1,"36":0,"38":0,"39":0,"40":0,"41":0,"42":0,"43":0,"46":0,"47":0,"50":0,"51":0,"52":0,"55":0,"56":0,"59":0,"60":0,"62":0}},"/home/travis/build/npmtest/node-npmtest-jsx-control-statements/node_modules/jsx-control-statements/src/util/ast.js":{"path":"/home/travis/build/npmtest/node-npmtest-jsx-control-statements/node_modules/jsx-control-statements/src/util/ast.js","s":{"1":1,"2":1,"3":0,"4":1,"5":0,"6":1,"7":0,"8":1,"9":0,"10":1,"11":0,"12":1,"13":0,"14":0,"15":0,"16":1,"17":0,"18":0,"19":1,"20":0,"21":1,"22":0,"23":0,"24":0,"25":0,"26":0,"27":0,"28":0,"29":0,"30":1,"31":0,"32":0,"33":0,"34":0,"35":0,"36":0,"37":0,"38":0,"39":0,"40":0,"41":0,"42":0,"43":0},"b":{"1":[0,0],"2":[0,0],"3":[0,0],"4":[0,0],"5":[0,0],"6":[0,0],"7":[0,0],"8":[0,0],"9":[0,0],"10":[0,0],"11":[0,0],"12":[0,0],"13":[0,0]},"f":{"1":0,"2":0,"3":0,"4":0,"5":0,"6":0,"7":0,"8":0,"9":0,"10":0,"11":0,"12":0},"fnMap":{"1":{"name":"getTagName","line":7,"loc":{"start":{"line":7,"column":0},"end":{"line":7,"column":26}}},"2":{"name":"(anonymous_2)","line":18,"loc":{"start":{"line":18,"column":16},"end":{"line":18,"column":40}}},"3":{"name":"(anonymous_3)","line":29,"loc":{"start":{"line":29,"column":32},"end":{"line":29,"column":52}}},"4":{"name":"(anonymous_4)","line":39,"loc":{"start":{"line":39,"column":24},"end":{"line":39,"column":44}}},"5":{"name":"(anonymous_5)","line":49,"loc":{"start":{"line":49,"column":26},"end":{"line":49,"column":46}}},"6":{"name":"(anonymous_6)","line":59,"loc":{"start":{"line":59,"column":26},"end":{"line":59,"column":41}}},"7":{"name":"(anonymous_7)","line":60,"loc":{"start":{"line":60,"column":47},"end":{"line":60,"column":70}}},"8":{"name":"(anonymous_8)","line":72,"loc":{"start":{"line":72,"column":17},"end":{"line":72,"column":32}}},"9":{"name":"(anonymous_9)","line":84,"loc":{"start":{"line":84,"column":22},"end":{"line":84,"column":49}}},"10":{"name":"(anonymous_10)","line":95,"loc":{"start":{"line":95,"column":48},"end":{"line":95,"column":85}}},"11":{"name":"(anonymous_11)","line":98,"loc":{"start":{"line":98,"column":41},"end":{"line":98,"column":58}}},"12":{"name":"(anonymous_12)","line":120,"loc":{"start":{"line":120,"column":43},"end":{"line":120,"column":83}}}},"statementMap":{"1":{"start":{"line":1,"column":0},"end":{"line":5,"column":2}},"2":{"start":{"line":7,"column":0},"end":{"line":9,"column":1}},"3":{"start":{"line":8,"column":2},"end":{"line":8,"column":39}},"4":{"start":{"line":18,"column":0},"end":{"line":20,"column":2}},"5":{"start":{"line":19,"column":2},"end":{"line":19,"column":69}},"6":{"start":{"line":29,"column":0},"end":{"line":31,"column":2}},"7":{"start":{"line":30,"column":2},"end":{"line":30,"column":74}},"8":{"start":{"line":39,"column":0},"end":{"line":41,"column":2}},"9":{"start":{"line":40,"column":2},"end":{"line":40,"column":36}},"10":{"start":{"line":49,"column":0},"end":{"line":51,"column":2}},"11":{"start":{"line":50,"column":2},"end":{"line":50,"column":68}},"12":{"start":{"line":59,"column":0},"end":{"line":64,"column":2}},"13":{"start":{"line":60,"column":2},"end":{"line":63,"column":9}},"14":{"start":{"line":61,"column":4},"end":{"line":61,"column":34}},"15":{"start":{"line":62,"column":4},"end":{"line":62,"column":18}},"16":{"start":{"line":72,"column":0},"end":{"line":75,"column":2}},"17":{"start":{"line":73,"column":2},"end":{"line":73,"column":46}},"18":{"start":{"line":74,"column":2},"end":{"line":74,"column":43}},"19":{"start":{"line":84,"column":0},"end":{"line":86,"column":2}},"20":{"start":{"line":85,"column":2},"end":{"line":85,"column":46}},"21":{"start":{"line":95,"column":0},"end":{"line":109,"column":2}},"22":{"start":{"line":96,"column":2},"end":{"line":96,"column":23}},"23":{"start":{"line":98,"column":2},"end":{"line":103,"column":5}},"24":{"start":{"line":99,"column":4},"end":{"line":102,"column":5}},"25":{"start":{"line":100,"column":6},"end":{"line":100,"column":22}},"26":{"start":{"line":101,"column":6},"end":{"line":101,"column":19}},"27":{"start":{"line":105,"column":2},"end":{"line":108,"column":3}},"28":{"start":{"line":106,"column":4},"end":{"line":106,"column":118}},"29":{"start":{"line":107,"column":4},"end":{"line":107,"column":51}},"30":{"start":{"line":120,"column":0},"end":{"line":143,"column":2}},"31":{"start":{"line":121,"column":2},"end":{"line":132,"column":3}},"32":{"start":{"line":122,"column":4},"end":{"line":122,"column":36}},"33":{"start":{"line":124,"column":7},"end":{"line":132,"column":3}},"34":{"start":{"line":125,"column":4},"end":{"line":125,"column":31}},"35":{"start":{"line":127,"column":4},"end":{"line":129,"column":5}},"36":{"start":{"line":128,"column":6},"end":{"line":128,"column":57}},"37":{"start":{"line":131,"column":4},"end":{"line":131,"column":22}},"38":{"start":{"line":134,"column":2},"end":{"line":140,"column":3}},"39":{"start":{"line":135,"column":4},"end":{"line":135,"column":30}},"40":{"start":{"line":136,"column":4},"end":{"line":139,"column":5}},"41":{"start":{"line":137,"column":6},"end":{"line":137,"column":52}},"42":{"start":{"line":138,"column":6},"end":{"line":138,"column":50}},"43":{"start":{"line":142,"column":2},"end":{"line":142,"column":44}}},"branchMap":{"1":{"line":19,"type":"binary-expr","locations":[{"start":{"line":19,"column":9},"end":{"line":19,"column":36}},{"start":{"line":19,"column":40},"end":{"line":19,"column":68}}]},"2":{"line":30,"type":"binary-expr","locations":[{"start":{"line":30,"column":9},"end":{"line":30,"column":18}},{"start":{"line":30,"column":22},"end":{"line":30,"column":73}}]},"3":{"line":50,"type":"binary-expr","locations":[{"start":{"line":50,"column":9},"end":{"line":50,"column":18}},{"start":{"line":50,"column":22},"end":{"line":50,"column":67}}]},"4":{"line":74,"type":"cond-expr","locations":[{"start":{"line":74,"column":15},"end":{"line":74,"column":30}},{"start":{"line":74,"column":33},"end":{"line":74,"column":42}}]},"5":{"line":99,"type":"if","locations":[{"start":{"line":99,"column":4},"end":{"line":99,"column":4}},{"start":{"line":99,"column":4},"end":{"line":99,"column":4}}]},"6":{"line":99,"type":"binary-expr","locations":[{"start":{"line":99,"column":8},"end":{"line":99,"column":41}},{"start":{"line":99,"column":45},"end":{"line":99,"column":71}}]},"7":{"line":105,"type":"if","locations":[{"start":{"line":105,"column":2},"end":{"line":105,"column":2}},{"start":{"line":105,"column":2},"end":{"line":105,"column":2}}]},"8":{"line":121,"type":"if","locations":[{"start":{"line":121,"column":2},"end":{"line":121,"column":2}},{"start":{"line":121,"column":2},"end":{"line":121,"column":2}}]},"9":{"line":124,"type":"if","locations":[{"start":{"line":124,"column":7},"end":{"line":124,"column":7}},{"start":{"line":124,"column":7},"end":{"line":124,"column":7}}]},"10":{"line":127,"type":"if","locations":[{"start":{"line":127,"column":4},"end":{"line":127,"column":4}},{"start":{"line":127,"column":4},"end":{"line":127,"column":4}}]},"11":{"line":127,"type":"binary-expr","locations":[{"start":{"line":127,"column":8},"end":{"line":127,"column":17}},{"start":{"line":127,"column":21},"end":{"line":127,"column":46}}]},"12":{"line":136,"type":"if","locations":[{"start":{"line":136,"column":4},"end":{"line":136,"column":4}},{"start":{"line":136,"column":4},"end":{"line":136,"column":4}}]},"13":{"line":137,"type":"cond-expr","locations":[{"start":{"line":137,"column":28},"end":{"line":137,"column":47}},{"start":{"line":137,"column":50},"end":{"line":137,"column":51}}]}},"code":["var TYPES = {","  ELEMENT: \"JSXElement\",","  EXPRESSION_CONTAINER: \"JSXExpressionContainer\",","  STRING_LITERAL: \"StringLiteral\"","};","","function getTagName(node) {","  return node.openingElement.name.name;","}","","/**"," * Test if this is a custom JSX element with the given name."," *"," * @param {object} node - Current node to test"," * @param {string} tagName - Name of element"," * @returns {boolean} whether the searched for element was found"," */","exports.isTag = function(node, tagName) {","  return node.type === TYPES.ELEMENT && getTagName(node) === tagName;","};","","","/**"," * Tests whether this is an JSXExpressionContainer and returns it if true."," *"," * @param {object} attribute - The attribute the value of which is tested"," * @returns {boolean}"," */","exports.isExpressionContainer = function(attribute) {","  return attribute && attribute.value.type === TYPES.EXPRESSION_CONTAINER;","};","","/**"," * Get expression from given attribute."," *"," * @param {JSXAttribute} attribute"," * @returns {Expression}"," */","exports.getExpression = function(attribute) {","  return attribute.value.expression;","};","","/**"," * Tests whether this is an StringLiteral and returns it if true."," *"," * @param {object} attribute - The attribute the value of which is tested"," * @returns {boolean}"," */","exports.isStringLiteral = function(attribute) {","  return attribute && attribute.value.type === TYPES.STRING_LITERAL;","};","","/**"," * Get all attributes from given element."," *"," * @param {JSXElement} node - Current node from which attributes are gathered"," * @returns {object} Map of all attributes with their name as key"," */","exports.getAttributeMap = function(node) {","  return node.openingElement.attributes.reduce(function(result, attr) {","    result[attr.name.name] = attr;","    return result;","  }, {});","};","","/**"," * Get the string value of a node's key attribute if present."," *"," * @param {JSXElement} node - Node to get attributes from"," * @returns {object} The string value of the key attribute of this node if present, otherwise undefined."," */","exports.getKey = function(node) {","  var key = exports.getAttributeMap(node).key;","  return key ? key.value.value : undefined;","};","","/**"," * Get all children from given element. Normalizes JSXText and JSXExpressionContainer to expressions."," *"," * @param {object} babelTypes - Babel lib"," * @param {JSXElement} node - Current node from which children are gathered"," * @returns {array} List of all children"," */","exports.getChildren = function(babelTypes, node) {","  return babelTypes.react.buildChildren(node);","};","","/**"," * Adds attribute \"key\" to given node, if not already preesent."," *"," * @param {object} babelTypes - Babel lib"," * @param {JSXElement} node - Current node to which the new attribute is added"," * @param {string} keyValue - Value of the key"," */","var addKeyAttribute = exports.addKeyAttribute = function(babelTypes, node, keyValue) {","  var keyFound = false;","","  node.openingElement.attributes.forEach(function(attrib) {","    if (babelTypes.isJSXAttribute(attrib) && attrib.name.name === \"key\") {","      keyFound = true;","      return false;","    }","  });","","  if (!keyFound) {","    var keyAttrib = babelTypes.jSXAttribute(babelTypes.jSXIdentifier(\"key\"), babelTypes.stringLiteral(\"\" + keyValue));","    node.openingElement.attributes.push(keyAttrib);","  }","};","","/**"," * Return either a NullLiteral (if no content is available) or"," * the single expression (if there is only one) or an ArrayExpression."," *"," * @param babelTypes - Babel lib"," * @param blocks - the content blocks"," * @param keyPrefix - a prefix to use when automatically generating keys"," * @returns {NullLiteral|Expression|ArrayExpression}"," */","exports.getSanitizedExpressionForContent = function(babelTypes, blocks, keyPrefix) {","  if (!blocks.length) {","    return babelTypes.NullLiteral();","  }","  else if (blocks.length === 1) {","    var firstBlock = blocks[0];","","    if (keyPrefix && firstBlock.openingElement) {","      addKeyAttribute(babelTypes, firstBlock, keyPrefix);","    }","","    return firstBlock;","  }","","  for (var i = 0; i < blocks.length; i++) {","    var thisBlock = blocks[i];","    if (babelTypes.isJSXElement(thisBlock)) {","      var key = keyPrefix ? keyPrefix + \"-\" + i : i;","      addKeyAttribute(babelTypes, thisBlock, key);","    }","  }","","  return babelTypes.arrayExpression(blocks);","};",""],"l":{"1":1,"7":1,"8":0,"18":1,"19":0,"29":1,"30":0,"39":1,"40":0,"49":1,"50":0,"59":1,"60":0,"61":0,"62":0,"72":1,"73":0,"74":0,"84":1,"85":0,"95":1,"96":0,"98":0,"99":0,"100":0,"101":0,"105":0,"106":0,"107":0,"120":1,"121":0,"122":0,"124":0,"125":0,"127":0,"128":0,"131":0,"134":0,"135":0,"136":0,"137":0,"138":0,"142":0}},"/home/travis/build/npmtest/node-npmtest-jsx-control-statements/node_modules/jsx-control-statements/src/util/error.js":{"path":"/home/travis/build/npmtest/node-npmtest-jsx-control-statements/node_modules/jsx-control-statements/src/util/error.js","s":{"1":1,"2":0,"3":0,"4":0,"5":1,"6":0,"7":1,"8":1,"9":0,"10":0,"11":0,"12":0,"13":0,"14":1,"15":0,"16":0,"17":1,"18":0,"19":0,"20":1,"21":0,"22":0,"23":1,"24":0,"25":1,"26":0,"27":1,"28":0,"29":1,"30":0},"b":{"1":[0,0],"2":[0,0]},"f":{"1":0,"2":0,"3":0,"4":0,"5":0,"6":0,"7":0,"8":0,"9":0,"10":0,"11":0},"fnMap":{"1":{"name":"formatString","line":2,"loc":{"start":{"line":2,"column":0},"end":{"line":2,"column":30}}},"2":{"name":"(anonymous_2)","line":4,"loc":{"start":{"line":4,"column":36},"end":{"line":4,"column":60}}},"3":{"name":"throwError","line":9,"loc":{"start":{"line":9,"column":0},"end":{"line":9,"column":37}}},"4":{"name":"(anonymous_4)","line":33,"loc":{"start":{"line":33,"column":29},"end":{"line":33,"column":55}}},"5":{"name":"(anonymous_5)","line":42,"loc":{"start":{"line":42,"column":27},"end":{"line":42,"column":58}}},"6":{"name":"(anonymous_6)","line":47,"loc":{"start":{"line":47,"column":33},"end":{"line":47,"column":64}}},"7":{"name":"(anonymous_7)","line":52,"loc":{"start":{"line":52,"column":29},"end":{"line":52,"column":60}}},"8":{"name":"(anonymous_8)","line":57,"loc":{"start":{"line":57,"column":33},"end":{"line":57,"column":49}}},"9":{"name":"(anonymous_9)","line":61,"loc":{"start":{"line":61,"column":38},"end":{"line":61,"column":54}}},"10":{"name":"(anonymous_10)","line":65,"loc":{"start":{"line":65,"column":43},"end":{"line":65,"column":59}}},"11":{"name":"(anonymous_11)","line":69,"loc":{"start":{"line":69,"column":39},"end":{"line":69,"column":55}}}},"statementMap":{"1":{"start":{"line":2,"column":0},"end":{"line":7,"column":1}},"2":{"start":{"line":3,"column":2},"end":{"line":3,"column":54}},"3":{"start":{"line":4,"column":2},"end":{"line":6,"column":5}},"4":{"start":{"line":5,"column":4},"end":{"line":5,"column":70}},"5":{"start":{"line":9,"column":0},"end":{"line":21,"column":1}},"6":{"start":{"line":10,"column":2},"end":{"line":20,"column":4}},"7":{"start":{"line":23,"column":0},"end":{"line":31,"column":2}},"8":{"start":{"line":33,"column":0},"end":{"line":40,"column":2}},"9":{"start":{"line":34,"column":2},"end":{"line":34,"column":16}},"10":{"start":{"line":35,"column":2},"end":{"line":38,"column":3}},"11":{"start":{"line":36,"column":4},"end":{"line":36,"column":31}},"12":{"start":{"line":37,"column":4},"end":{"line":37,"column":29}},"13":{"start":{"line":39,"column":2},"end":{"line":39,"column":38}},"14":{"start":{"line":42,"column":0},"end":{"line":45,"column":2}},"15":{"start":{"line":43,"column":2},"end":{"line":43,"column":34}},"16":{"start":{"line":44,"column":2},"end":{"line":44,"column":41}},"17":{"start":{"line":47,"column":0},"end":{"line":50,"column":2}},"18":{"start":{"line":48,"column":2},"end":{"line":48,"column":34}},"19":{"start":{"line":49,"column":2},"end":{"line":49,"column":48}},"20":{"start":{"line":52,"column":0},"end":{"line":55,"column":2}},"21":{"start":{"line":53,"column":2},"end":{"line":53,"column":34}},"22":{"start":{"line":54,"column":2},"end":{"line":54,"column":44}},"23":{"start":{"line":57,"column":0},"end":{"line":59,"column":2}},"24":{"start":{"line":58,"column":2},"end":{"line":58,"column":48}},"25":{"start":{"line":61,"column":0},"end":{"line":63,"column":2}},"26":{"start":{"line":62,"column":2},"end":{"line":62,"column":54}},"27":{"start":{"line":65,"column":0},"end":{"line":67,"column":2}},"28":{"start":{"line":66,"column":2},"end":{"line":66,"column":59}},"29":{"start":{"line":69,"column":0},"end":{"line":71,"column":2}},"30":{"start":{"line":70,"column":2},"end":{"line":70,"column":55}}},"branchMap":{"1":{"line":5,"type":"cond-expr","locations":[{"start":{"line":5,"column":49},"end":{"line":5,"column":61}},{"start":{"line":5,"column":64},"end":{"line":5,"column":69}}]},"2":{"line":35,"type":"if","locations":[{"start":{"line":35,"column":2},"end":{"line":35,"column":2}},{"start":{"line":35,"column":2},"end":{"line":35,"column":2}}]}},"code":["// http://stackoverflow.com/questions/610406/javascript-equivalent-to-printf-string-format#answer-4673436","function formatString(format) {","  var args = Array.prototype.slice.call(arguments, 1);","  return format.replace(/{(\\d+)}/g, function(match, number) {","    return typeof args[number] !== \"undefined\" ? args[number] : match;","  });","}","","function throwError(errorMsg, infos) {","  throw new Error(","    [","      exports.renderErrorMessage(errorMsg, infos),","      \" at \",","      infos.file.opts.filename,","      \": \",","      infos.node.loc.start.line,","      \",\",","      infos.node.loc.start.column","    ].join(\"\")","  );","}","","var ERRORS = exports.ERRORS = {","  NO_ATTRIBUTE: \"Attribute \\\"{0}\\\" is required for <{1}>, but missing!\",","  NOT_EXPRESSION_TYPE: \"Attribute \\\"{0}\\\" of <{1}> tag must be an expression, e.g. \\\"{0}={ ... }\\\"\",","  NOT_STRING_TYPE: \"Attribute \\\"{0}\\\" of <{1}> tag must be of type String, e.g. {0}=\\\"...\\\"\",","  CHOOSE_WITHOUT_WHEN: \"<Choose> statement requires at least one <When> element!\",","  CHOOSE_OTHERWISE_NOT_LAST: \"<Otherwise> must be the last element within a <Choose> statement!\",","  CHOOSE_WITH_MULTIPLE_OTHERWISE: \"<Choose> statement allows only for one <Otherwise> block!\",","  CHOOSE_WITH_WRONG_CHILDREN: \"Only <Otherwise> and <When> are allowed child elements for <Choose>!\"","};","","exports.renderErrorMessage = function(errorMsg, infos) {","  var args = [];","  if (infos) {","    args.push(infos.attribute);","    args.push(infos.element);","  }","  return formatString(errorMsg, args);","};","","exports.throwNoAttribute = function(attributeName, infos) {","  infos.attribute = attributeName;","  throwError(ERRORS.NO_ATTRIBUTE, infos);","};","","exports.throwNotExpressionType = function(attributeName, infos) {","  infos.attribute = attributeName;","  throwError(ERRORS.NOT_EXPRESSION_TYPE, infos);","};","","exports.throwNotStringType = function(attributeName, infos) {","  infos.attribute = attributeName;","  throwError(ERRORS.NOT_STRING_TYPE, infos);","};","","exports.throwChooseWithoutWhen = function(infos) {","  throwError(ERRORS.CHOOSE_WITHOUT_WHEN, infos);","};","","exports.throwChooseOtherwiseNotLast = function(infos) {","  throwError(ERRORS.CHOOSE_OTHERWISE_NOT_LAST, infos);","};","","exports.throwChooseWithMultipleOtherwise = function(infos) {","  throwError(ERRORS.CHOOSE_WITH_MULTIPLE_OTHERWISE, infos);","};","","exports.throwChooseWithWrongChildren = function(infos) {","  throwError(ERRORS.CHOOSE_WITH_WRONG_CHILDREN, infos);","};","",""],"l":{"2":1,"3":0,"4":0,"5":0,"9":1,"10":0,"23":1,"33":1,"34":0,"35":0,"36":0,"37":0,"39":0,"42":1,"43":0,"44":0,"47":1,"48":0,"49":0,"52":1,"53":0,"54":0,"57":1,"58":0,"61":1,"62":0,"65":1,"66":0,"69":1,"70":0}},"/home/travis/build/npmtest/node-npmtest-jsx-control-statements/node_modules/jsx-control-statements/src/ifStatement.js":{"path":"/home/travis/build/npmtest/node-npmtest-jsx-control-statements/node_modules/jsx-control-statements/src/ifStatement.js","s":{"1":1,"2":1,"3":1,"4":1,"5":0,"6":0,"7":0,"8":0,"9":0,"10":0,"11":0,"12":1,"13":0,"14":0,"15":0,"16":0,"17":0,"18":0,"19":0,"20":0,"21":0,"22":0,"23":0,"24":0},"b":{"1":[0,0]},"f":{"1":0,"2":0,"3":0,"4":0},"fnMap":{"1":{"name":"getBlocks","line":9,"loc":{"start":{"line":9,"column":0},"end":{"line":9,"column":26}}},"2":{"name":"(anonymous_2)","line":16,"loc":{"start":{"line":16,"column":16},"end":{"line":16,"column":31}}},"3":{"name":"ifStatement","line":28,"loc":{"start":{"line":28,"column":17},"end":{"line":28,"column":45}}},"4":{"name":"(anonymous_4)","line":31,"loc":{"start":{"line":31,"column":9},"end":{"line":31,"column":30}}}},"statementMap":{"1":{"start":{"line":1,"column":0},"end":{"line":1,"column":36}},"2":{"start":{"line":2,"column":0},"end":{"line":2,"column":52}},"3":{"start":{"line":4,"column":0},"end":{"line":7,"column":2}},"4":{"start":{"line":9,"column":0},"end":{"line":26,"column":1}},"5":{"start":{"line":10,"column":2},"end":{"line":13,"column":4}},"6":{"start":{"line":14,"column":2},"end":{"line":14,"column":36}},"7":{"start":{"line":16,"column":2},"end":{"line":23,"column":5}},"8":{"start":{"line":17,"column":4},"end":{"line":22,"column":5}},"9":{"start":{"line":18,"column":6},"end":{"line":18,"column":38}},"10":{"start":{"line":21,"column":6},"end":{"line":21,"column":30}},"11":{"start":{"line":25,"column":2},"end":{"line":25,"column":16}},"12":{"start":{"line":28,"column":0},"end":{"line":45,"column":2}},"13":{"start":{"line":29,"column":2},"end":{"line":29,"column":26}},"14":{"start":{"line":31,"column":2},"end":{"line":44,"column":4}},"15":{"start":{"line":32,"column":4},"end":{"line":32,"column":16}},"16":{"start":{"line":33,"column":4},"end":{"line":33,"column":18}},"17":{"start":{"line":34,"column":4},"end":{"line":34,"column":68}},"18":{"start":{"line":35,"column":4},"end":{"line":35,"column":77}},"19":{"start":{"line":36,"column":4},"end":{"line":36,"column":35}},"20":{"start":{"line":37,"column":4},"end":{"line":37,"column":52}},"21":{"start":{"line":38,"column":4},"end":{"line":38,"column":37}},"22":{"start":{"line":40,"column":4},"end":{"line":40,"column":83}},"23":{"start":{"line":41,"column":4},"end":{"line":41,"column":87}},"24":{"start":{"line":43,"column":4},"end":{"line":43,"column":70}}},"branchMap":{"1":{"line":17,"type":"if","locations":[{"start":{"line":17,"column":4},"end":{"line":17,"column":4}},{"start":{"line":17,"column":4},"end":{"line":17,"column":4}}]}},"code":["var astUtil = require(\"./util/ast\");","var conditionalUtil = require(\"./util/conditional\");","","var ELEMENTS = {","  IF: \"If\",","  ELSE: \"Else\"","};","","function getBlocks(nodes) {","  var result = {","    ifBlock: [],","    elseBlock: []","  };","  var currentBlock = result.ifBlock;","","  nodes.forEach(function(node) {","    if (astUtil.isTag(node, ELEMENTS.ELSE)) {","      currentBlock = result.elseBlock;","    }","    else {","      currentBlock.push(node);","    }","  });","","  return result;","}","","module.exports = function ifStatement(babel) {","  var types = babel.types;","","  return function(node, file) {","    var ifBlock;","    var elseBlock;","    var errorInfos = {node: node, file: file, element: ELEMENTS.IF};","    var condition = conditionalUtil.getConditionExpression(node, errorInfos);","    var key = astUtil.getKey(node);","    var children = astUtil.getChildren(types, node);","    var blocks = getBlocks(children);","","    ifBlock = astUtil.getSanitizedExpressionForContent(types, blocks.ifBlock, key);","    elseBlock = astUtil.getSanitizedExpressionForContent(types, blocks.elseBlock, key);","","    return types.ConditionalExpression(condition, ifBlock, elseBlock);","  };","};",""],"l":{"1":1,"2":1,"4":1,"9":1,"10":0,"14":0,"16":0,"17":0,"18":0,"21":0,"25":0,"28":1,"29":0,"31":0,"32":0,"33":0,"34":0,"35":0,"36":0,"37":0,"38":0,"40":0,"41":0,"43":0}},"/home/travis/build/npmtest/node-npmtest-jsx-control-statements/node_modules/jsx-control-statements/src/util/conditional.js":{"path":"/home/travis/build/npmtest/node-npmtest-jsx-control-statements/node_modules/jsx-control-statements/src/util/conditional.js","s":{"1":1,"2":1,"3":1,"4":1,"5":0,"6":0,"7":0,"8":0,"9":0,"10":0},"b":{"1":[0,0],"2":[0,0]},"f":{"1":0},"fnMap":{"1":{"name":"(anonymous_1)","line":9,"loc":{"start":{"line":9,"column":33},"end":{"line":9,"column":60}}}},"statementMap":{"1":{"start":{"line":1,"column":0},"end":{"line":1,"column":31}},"2":{"start":{"line":2,"column":0},"end":{"line":2,"column":35}},"3":{"start":{"line":5,"column":0},"end":{"line":7,"column":2}},"4":{"start":{"line":9,"column":0},"end":{"line":20,"column":2}},"5":{"start":{"line":10,"column":2},"end":{"line":10,"column":70}},"6":{"start":{"line":12,"column":2},"end":{"line":14,"column":3}},"7":{"start":{"line":13,"column":4},"end":{"line":13,"column":65}},"8":{"start":{"line":15,"column":2},"end":{"line":17,"column":3}},"9":{"start":{"line":16,"column":4},"end":{"line":16,"column":71}},"10":{"start":{"line":19,"column":2},"end":{"line":19,"column":42}}},"branchMap":{"1":{"line":12,"type":"if","locations":[{"start":{"line":12,"column":2},"end":{"line":12,"column":2}},{"start":{"line":12,"column":2},"end":{"line":12,"column":2}}]},"2":{"line":15,"type":"if","locations":[{"start":{"line":15,"column":2},"end":{"line":15,"column":2}},{"start":{"line":15,"column":2},"end":{"line":15,"column":2}}]}},"code":["var astUtil = require(\"./ast\");","var errorUtil = require(\"./error\");","","","var ATTRIBUTES = {","  CONDITION: \"condition\"","};","","exports.getConditionExpression = function(node, errorInfos) {","  var condition = astUtil.getAttributeMap(node)[ATTRIBUTES.CONDITION];","","  if (!condition) {","    errorUtil.throwNoAttribute(ATTRIBUTES.CONDITION, errorInfos);","  }","  if (!astUtil.isExpressionContainer(condition)) {","    errorUtil.throwNotExpressionType(ATTRIBUTES.CONDITION, errorInfos);","  }","","  return astUtil.getExpression(condition);","};",""],"l":{"1":1,"2":1,"5":1,"9":1,"10":0,"12":0,"13":0,"15":0,"16":0,"19":0}},"/home/travis/build/npmtest/node-npmtest-jsx-control-statements/node_modules/jsx-control-statements/src/chooseStatement.js":{"path":"/home/travis/build/npmtest/node-npmtest-jsx-control-statements/node_modules/jsx-control-statements/src/chooseStatement.js","s":{"1":1,"2":1,"3":1,"4":1,"5":1,"6":0,"7":0,"8":0,"9":0,"10":0,"11":0,"12":0,"13":0,"14":0,"15":0,"16":0,"17":0,"18":0,"19":0,"20":0,"21":0,"22":0,"23":0,"24":0,"25":0,"26":0,"27":0,"28":0,"29":0,"30":0,"31":1,"32":0,"33":0,"34":0,"35":0,"36":0,"37":0,"38":0,"39":0,"40":0,"41":0,"42":0,"43":0,"44":0},"b":{"1":[0,0],"2":[0,0],"3":[0,0],"4":[0,0],"5":[0,0],"6":[0,0]},"f":{"1":0,"2":0,"3":0,"4":0,"5":0},"fnMap":{"1":{"name":"getBlocks","line":12,"loc":{"start":{"line":12,"column":0},"end":{"line":12,"column":53}}},"2":{"name":"(anonymous_2)","line":17,"loc":{"start":{"line":17,"column":36},"end":{"line":17,"column":65}}},"3":{"name":"(anonymous_3)","line":58,"loc":{"start":{"line":58,"column":17},"end":{"line":58,"column":33}}},"4":{"name":"(anonymous_4)","line":61,"loc":{"start":{"line":61,"column":9},"end":{"line":61,"column":30}}},"5":{"name":"(anonymous_5)","line":73,"loc":{"start":{"line":73,"column":34},"end":{"line":73,"column":54}}}},"statementMap":{"1":{"start":{"line":1,"column":0},"end":{"line":1,"column":36}},"2":{"start":{"line":2,"column":0},"end":{"line":2,"column":52}},"3":{"start":{"line":3,"column":0},"end":{"line":3,"column":40}},"4":{"start":{"line":5,"column":0},"end":{"line":9,"column":2}},"5":{"start":{"line":12,"column":0},"end":{"line":56,"column":1}},"6":{"start":{"line":13,"column":2},"end":{"line":13,"column":17}},"7":{"start":{"line":14,"column":2},"end":{"line":14,"column":23}},"8":{"start":{"line":15,"column":2},"end":{"line":15,"column":34}},"9":{"start":{"line":17,"column":2},"end":{"line":49,"column":18}},"10":{"start":{"line":18,"column":4},"end":{"line":46,"column":5}},"11":{"start":{"line":19,"column":6},"end":{"line":19,"column":53}},"12":{"start":{"line":20,"column":6},"end":{"line":20,"column":46}},"13":{"start":{"line":21,"column":6},"end":{"line":21,"column":30}},"14":{"start":{"line":23,"column":6},"end":{"line":28,"column":7}},"15":{"start":{"line":24,"column":8},"end":{"line":24,"column":58}},"16":{"start":{"line":26,"column":11},"end":{"line":28,"column":7}},"17":{"start":{"line":27,"column":8},"end":{"line":27,"column":63}},"18":{"start":{"line":30,"column":6},"end":{"line":30,"column":105}},"19":{"start":{"line":32,"column":9},"end":{"line":46,"column":5}},"20":{"start":{"line":33,"column":6},"end":{"line":33,"column":53}},"21":{"start":{"line":34,"column":6},"end":{"line":34,"column":41}},"22":{"start":{"line":35,"column":6},"end":{"line":35,"column":30}},"23":{"start":{"line":37,"column":6},"end":{"line":40,"column":9}},"24":{"start":{"line":43,"column":6},"end":{"line":43,"column":43}},"25":{"start":{"line":44,"column":6},"end":{"line":44,"column":30}},"26":{"start":{"line":45,"column":6},"end":{"line":45,"column":57}},"27":{"start":{"line":48,"column":4},"end":{"line":48,"column":23}},"28":{"start":{"line":51,"column":2},"end":{"line":53,"column":3}},"29":{"start":{"line":52,"column":4},"end":{"line":52,"column":53}},"30":{"start":{"line":55,"column":2},"end":{"line":55,"column":16}},"31":{"start":{"line":58,"column":0},"end":{"line":79,"column":2}},"32":{"start":{"line":59,"column":2},"end":{"line":59,"column":26}},"33":{"start":{"line":61,"column":2},"end":{"line":78,"column":4}},"34":{"start":{"line":62,"column":4},"end":{"line":62,"column":74}},"35":{"start":{"line":63,"column":4},"end":{"line":63,"column":52}},"36":{"start":{"line":64,"column":4},"end":{"line":64,"column":35}},"37":{"start":{"line":65,"column":4},"end":{"line":65,"column":61}},"38":{"start":{"line":66,"column":4},"end":{"line":66,"column":55}},"39":{"start":{"line":68,"column":4},"end":{"line":71,"column":5}},"40":{"start":{"line":69,"column":6},"end":{"line":69,"column":29}},"41":{"start":{"line":70,"column":6},"end":{"line":70,"column":51}},"42":{"start":{"line":73,"column":4},"end":{"line":75,"column":7}},"43":{"start":{"line":74,"column":6},"end":{"line":74,"column":114}},"44":{"start":{"line":77,"column":4},"end":{"line":77,"column":29}}},"branchMap":{"1":{"line":18,"type":"if","locations":[{"start":{"line":18,"column":4},"end":{"line":18,"column":4}},{"start":{"line":18,"column":4},"end":{"line":18,"column":4}}]},"2":{"line":23,"type":"if","locations":[{"start":{"line":23,"column":6},"end":{"line":23,"column":6}},{"start":{"line":23,"column":6},"end":{"line":23,"column":6}}]},"3":{"line":26,"type":"if","locations":[{"start":{"line":26,"column":11},"end":{"line":26,"column":11}},{"start":{"line":26,"column":11},"end":{"line":26,"column":11}}]},"4":{"line":32,"type":"if","locations":[{"start":{"line":32,"column":9},"end":{"line":32,"column":9}},{"start":{"line":32,"column":9},"end":{"line":32,"column":9}}]},"5":{"line":51,"type":"if","locations":[{"start":{"line":51,"column":2},"end":{"line":51,"column":2}},{"start":{"line":51,"column":2},"end":{"line":51,"column":2}}]},"6":{"line":68,"type":"if","locations":[{"start":{"line":68,"column":4},"end":{"line":68,"column":4}},{"start":{"line":68,"column":4},"end":{"line":68,"column":4}}]}},"code":["var astUtil = require(\"./util/ast\");","var conditionalUtil = require(\"./util/conditional\");","var errorUtil = require(\"./util/error\");","","var ELEMENTS = {","  CHOOSE: \"Choose\",","  WHEN: \"When\",","  OTHERWISE: \"Otherwise\"","};","","","function getBlocks(types, children, errorInfos, key) {","  var childNodes;","  var startResult = {};","  startResult[ELEMENTS.WHEN] = [];","","  var result = children.reduceRight(function(resultSoFar, child) {","    if (astUtil.isTag(child, ELEMENTS.OTHERWISE)) {","      childNodes = astUtil.getChildren(types, child);","      errorInfos.element = ELEMENTS.OTHERWISE;","      errorInfos.node = child;","","      if (resultSoFar[ELEMENTS.WHEN].length) {","        errorUtil.throwChooseOtherwiseNotLast(errorInfos);","      }","      else if (resultSoFar[ELEMENTS.OTHERWISE]) {","        errorUtil.throwChooseWithMultipleOtherwise(errorInfos);","      }","","      resultSoFar[ELEMENTS.OTHERWISE] = astUtil.getSanitizedExpressionForContent(types, childNodes, key);","    }","    else if (astUtil.isTag(child, ELEMENTS.WHEN)) {","      childNodes = astUtil.getChildren(types, child);","      errorInfos.element = ELEMENTS.WHEN;","      errorInfos.node = child;","","      resultSoFar[ELEMENTS.WHEN].push({","        condition: conditionalUtil.getConditionExpression(child, errorInfos),","        children: astUtil.getSanitizedExpressionForContent(types, childNodes, key)","      });","    }","    else {","      errorInfos.element = ELEMENTS.CHOOSE;","      errorInfos.node = child;","      errorUtil.throwChooseWithWrongChildren(errorInfos);","    }","","    return resultSoFar;","  }, startResult);","","  if (!result[ELEMENTS.OTHERWISE]) {","    result[ELEMENTS.OTHERWISE] = types.NullLiteral();","  }","","  return result;","}","","module.exports = function(babel) {","  var types = babel.types;","","  return function(node, file) {","    var errorInfos = { node: node, file: file, element: ELEMENTS.CHOOSE };","    var children = astUtil.getChildren(types, node);","    var key = astUtil.getKey(node);","    var blocks = getBlocks(types, children, errorInfos, key);","    var ternaryExpression = blocks[ELEMENTS.OTHERWISE];","","    if (!blocks[ELEMENTS.WHEN].length) {","      errorInfos.node = node;","      errorUtil.throwChooseWithoutWhen(errorInfos);","    }","","    blocks[ELEMENTS.WHEN].forEach(function(whenBlock) {","      ternaryExpression = types.ConditionalExpression(whenBlock.condition, whenBlock.children, ternaryExpression);","    });","","    return ternaryExpression;","  };","};",""],"l":{"1":1,"2":1,"3":1,"5":1,"12":1,"13":0,"14":0,"15":0,"17":0,"18":0,"19":0,"20":0,"21":0,"23":0,"24":0,"26":0,"27":0,"30":0,"32":0,"33":0,"34":0,"35":0,"37":0,"43":0,"44":0,"45":0,"48":0,"51":0,"52":0,"55":0,"58":1,"59":0,"61":0,"62":0,"63":0,"64":0,"65":0,"66":0,"68":0,"69":0,"70":0,"73":0,"74":0,"77":0}}}